{"/home/travis/build/npmtest/node-npmtest-git-stats/test.js":{"path":"/home/travis/build/npmtest/node-npmtest-git-stats/test.js","s":{"1":2,"2":2,"3":2,"4":2,"5":2,"6":2,"7":2,"8":1,"9":2,"10":2,"11":1,"12":1,"13":1,"14":1,"15":2,"16":2,"17":2,"18":2,"19":1,"20":1,"21":2,"22":2,"23":2,"24":1,"25":1,"26":1,"27":1,"28":1,"29":1,"30":1,"31":1,"32":1,"33":1,"34":1,"35":1,"36":1,"37":1,"38":1,"39":2,"40":2,"41":1,"42":2,"43":2,"44":1,"45":2,"46":2,"47":1,"48":2,"49":2,"50":1,"51":1,"52":1,"53":1,"54":1},"b":{"1":[2,1,1,1],"2":[1,1,1,1],"3":[1,1],"4":[1,1],"5":[1,1],"6":[1,1],"7":[1,1],"8":[1,1],"9":[1,1],"10":[1,1,1],"11":[1,1],"12":[1,1],"13":[1,1],"14":[1,1],"15":[1,1],"16":[1,1],"17":[1,1]},"f":{"1":2,"2":2,"3":2,"4":2,"5":2,"6":1,"7":1,"8":1,"9":2,"10":2,"11":2,"12":2,"13":1},"fnMap":{"1":{"name":"(anonymous_1)","line":12,"loc":{"start":{"line":12,"column":1},"end":{"line":12,"column":13}}},"2":{"name":"(anonymous_2)","line":19,"loc":{"start":{"line":19,"column":5},"end":{"line":19,"column":17}}},"3":{"name":"(anonymous_3)","line":23,"loc":{"start":{"line":23,"column":24},"end":{"line":23,"column":36}}},"4":{"name":"(anonymous_4)","line":61,"loc":{"start":{"line":61,"column":5},"end":{"line":61,"column":17}}},"5":{"name":"(anonymous_5)","line":82,"loc":{"start":{"line":82,"column":5},"end":{"line":82,"column":17}}},"6":{"name":"(anonymous_6)","line":91,"loc":{"start":{"line":91,"column":77},"end":{"line":94,"column":10}}},"7":{"name":"(anonymous_7)","line":112,"loc":{"start":{"line":112,"column":83},"end":{"line":115,"column":10}},"skip":true},"8":{"name":"(anonymous_8)","line":123,"loc":{"start":{"line":123,"column":77},"end":{"line":126,"column":10}},"skip":true},"9":{"name":"(anonymous_9)","line":139,"loc":{"start":{"line":139,"column":12},"end":{"line":139,"column":40}},"skip":true},"10":{"name":"(anonymous_10)","line":147,"loc":{"start":{"line":147,"column":77},"end":{"line":150,"column":10}},"skip":true},"11":{"name":"(anonymous_11)","line":158,"loc":{"start":{"line":158,"column":83},"end":{"line":161,"column":10}},"skip":true},"12":{"name":"(anonymous_12)","line":169,"loc":{"start":{"line":169,"column":79},"end":{"line":172,"column":10}},"skip":true},"13":{"name":"(anonymous_13)","line":180,"loc":{"start":{"line":180,"column":75},"end":{"line":183,"column":10}},"skip":true}},"statementMap":{"1":{"start":{"line":12,"column":0},"end":{"line":195,"column":5}},"2":{"start":{"line":14,"column":4},"end":{"line":14,"column":14}},"3":{"start":{"line":19,"column":4},"end":{"line":56,"column":9}},"4":{"start":{"line":21,"column":8},"end":{"line":21,"column":19}},"5":{"start":{"line":23,"column":8},"end":{"line":35,"column":13}},"6":{"start":{"line":24,"column":12},"end":{"line":34,"column":13}},"7":{"start":{"line":25,"column":16},"end":{"line":28,"column":30}},"8":{"start":{"line":30,"column":16},"end":{"line":33,"column":27}},"9":{"start":{"line":37,"column":8},"end":{"line":39,"column":21}},"10":{"start":{"line":40,"column":8},"end":{"line":53,"column":9}},"11":{"start":{"line":43,"column":12},"end":{"line":46,"column":14}},"12":{"start":{"line":47,"column":12},"end":{"line":47,"column":18}},"13":{"start":{"line":50,"column":12},"end":{"line":51,"column":33}},"14":{"start":{"line":52,"column":12},"end":{"line":52,"column":18}},"15":{"start":{"line":55,"column":8},"end":{"line":55,"column":35}},"16":{"start":{"line":61,"column":4},"end":{"line":63,"column":9}},"17":{"start":{"line":62,"column":8},"end":{"line":62,"column":15}},"18":{"start":{"line":64,"column":4},"end":{"line":77,"column":5}},"19":{"start":{"line":70,"column":8},"end":{"line":70,"column":14}},"20":{"start":{"line":76,"column":8},"end":{"line":76,"column":14}},"21":{"start":{"line":82,"column":4},"end":{"line":84,"column":9}},"22":{"start":{"line":83,"column":8},"end":{"line":83,"column":15}},"23":{"start":{"line":85,"column":4},"end":{"line":194,"column":5}},"24":{"start":{"line":91,"column":8},"end":{"line":99,"column":10}},"25":{"start":{"line":98,"column":12},"end":{"line":98,"column":35}},"26":{"start":{"line":102,"column":8},"end":{"line":104,"column":63}},"27":{"start":{"line":105,"column":8},"end":{"line":105,"column":14}},"28":{"start":{"line":112,"column":8},"end":{"line":121,"column":10},"skip":true},"29":{"start":{"line":119,"column":12},"end":{"line":119,"column":55},"skip":true},"30":{"start":{"line":120,"column":12},"end":{"line":120,"column":48},"skip":true},"31":{"start":{"line":123,"column":8},"end":{"line":136,"column":10},"skip":true},"32":{"start":{"line":130,"column":12},"end":{"line":130,"column":76},"skip":true},"33":{"start":{"line":131,"column":12},"end":{"line":131,"column":73},"skip":true},"34":{"start":{"line":132,"column":12},"end":{"line":132,"column":74},"skip":true},"35":{"start":{"line":133,"column":12},"end":{"line":133,"column":79},"skip":true},"36":{"start":{"line":134,"column":12},"end":{"line":134,"column":25},"skip":true},"37":{"start":{"line":135,"column":12},"end":{"line":135,"column":45},"skip":true},"38":{"start":{"line":138,"column":8},"end":{"line":145,"column":14},"skip":true},"39":{"start":{"line":143,"column":16},"end":{"line":143,"column":29},"skip":true},"40":{"start":{"line":144,"column":16},"end":{"line":144,"column":55},"skip":true},"41":{"start":{"line":147,"column":8},"end":{"line":156,"column":10},"skip":true},"42":{"start":{"line":154,"column":12},"end":{"line":154,"column":25},"skip":true},"43":{"start":{"line":155,"column":12},"end":{"line":155,"column":45},"skip":true},"44":{"start":{"line":158,"column":8},"end":{"line":167,"column":10},"skip":true},"45":{"start":{"line":165,"column":12},"end":{"line":165,"column":25},"skip":true},"46":{"start":{"line":166,"column":12},"end":{"line":166,"column":48},"skip":true},"47":{"start":{"line":169,"column":8},"end":{"line":178,"column":10},"skip":true},"48":{"start":{"line":176,"column":12},"end":{"line":176,"column":25},"skip":true},"49":{"start":{"line":177,"column":12},"end":{"line":177,"column":46},"skip":true},"50":{"start":{"line":180,"column":8},"end":{"line":189,"column":10},"skip":true},"51":{"start":{"line":187,"column":12},"end":{"line":187,"column":94},"skip":true},"52":{"start":{"line":188,"column":12},"end":{"line":188,"column":48},"skip":true},"53":{"start":{"line":192,"column":8},"end":{"line":192,"column":35},"skip":true},"54":{"start":{"line":193,"column":8},"end":{"line":193,"column":14},"skip":true}},"branchMap":{"1":{"line":25,"type":"binary-expr","locations":[{"start":{"line":25,"column":23},"end":{"line":25,"column":62}},{"start":{"line":26,"column":20},"end":{"line":26,"column":70}},{"start":{"line":27,"column":20},"end":{"line":27,"column":71}},{"start":{"line":28,"column":20},"end":{"line":28,"column":29}}]},"2":{"line":30,"type":"binary-expr","locations":[{"start":{"line":30,"column":23},"end":{"line":30,"column":37}},{"start":{"line":31,"column":20},"end":{"line":31,"column":61}},{"start":{"line":32,"column":20},"end":{"line":32,"column":70}},{"start":{"line":33,"column":20},"end":{"line":33,"column":26}}]},"3":{"line":37,"type":"cond-expr","locations":[{"start":{"line":38,"column":14},"end":{"line":38,"column":20}},{"start":{"line":39,"column":14},"end":{"line":39,"column":20}}]},"4":{"line":40,"type":"switch","locations":[{"start":{"line":42,"column":8},"end":{"line":47,"column":18}},{"start":{"line":49,"column":8},"end":{"line":52,"column":18}}]},"5":{"line":44,"type":"binary-expr","locations":[{"start":{"line":44,"column":16},"end":{"line":44,"column":44}},{"start":{"line":44,"column":48},"end":{"line":44,"column":66}}]},"6":{"line":50,"type":"binary-expr","locations":[{"start":{"line":50,"column":21},"end":{"line":50,"column":49}},{"start":{"line":50,"column":53},"end":{"line":50,"column":72}}]},"7":{"line":64,"type":"switch","locations":[{"start":{"line":69,"column":4},"end":{"line":70,"column":14}},{"start":{"line":75,"column":4},"end":{"line":76,"column":14}}]},"8":{"line":85,"type":"switch","locations":[{"start":{"line":90,"column":4},"end":{"line":105,"column":14}},{"start":{"line":111,"column":4},"end":{"line":193,"column":14},"skip":true}]},"9":{"line":91,"type":"binary-expr","locations":[{"start":{"line":91,"column":42},"end":{"line":91,"column":73}},{"start":{"line":91,"column":77},"end":{"line":99,"column":9}}]},"10":{"line":102,"type":"binary-expr","locations":[{"start":{"line":102,"column":18},"end":{"line":102,"column":32}},{"start":{"line":103,"column":12},"end":{"line":103,"column":53}},{"start":{"line":104,"column":12},"end":{"line":104,"column":61}}]},"11":{"line":112,"type":"binary-expr","locations":[{"start":{"line":112,"column":45},"end":{"line":112,"column":79},"skip":true},{"start":{"line":112,"column":83},"end":{"line":121,"column":9},"skip":true}]},"12":{"line":123,"type":"binary-expr","locations":[{"start":{"line":123,"column":42},"end":{"line":123,"column":73},"skip":true},{"start":{"line":123,"column":77},"end":{"line":136,"column":9},"skip":true}]},"13":{"line":138,"type":"binary-expr","locations":[{"start":{"line":138,"column":48},"end":{"line":138,"column":85},"skip":true},{"start":{"line":139,"column":12},"end":{"line":145,"column":13},"skip":true}]},"14":{"line":147,"type":"binary-expr","locations":[{"start":{"line":147,"column":42},"end":{"line":147,"column":73},"skip":true},{"start":{"line":147,"column":77},"end":{"line":156,"column":9},"skip":true}]},"15":{"line":158,"type":"binary-expr","locations":[{"start":{"line":158,"column":45},"end":{"line":158,"column":79},"skip":true},{"start":{"line":158,"column":83},"end":{"line":167,"column":9},"skip":true}]},"16":{"line":169,"type":"binary-expr","locations":[{"start":{"line":169,"column":43},"end":{"line":169,"column":75},"skip":true},{"start":{"line":169,"column":79},"end":{"line":178,"column":9},"skip":true}]},"17":{"line":180,"type":"binary-expr","locations":[{"start":{"line":180,"column":41},"end":{"line":180,"column":71},"skip":true},{"start":{"line":180,"column":75},"end":{"line":189,"column":9},"skip":true}]}},"code":["/* istanbul instrument in package npmtest_git_stats */","/*jslint","    bitwise: true,","    browser: true,","    maxerr: 8,","    maxlen: 96,","    node: true,","    nomen: true,","    regexp: true,","    stupid: true","*/","(function () {","    'use strict';","    var local;","","","","    // run shared js-env code - init-before","    (function () {","        // init local","        local = {};","        // init modeJs","        local.modeJs = (function () {","            try {","                return typeof navigator.userAgent === 'string' &&","                    typeof document.querySelector('body') === 'object' &&","                    typeof XMLHttpRequest.prototype.open === 'function' &&","                    'browser';","            } catch (errorCaughtBrowser) {","                return module.exports &&","                    typeof process.versions.node === 'string' &&","                    typeof require('http').createServer === 'function' &&","                    'node';","            }","        }());","        // init global","        local.global = local.modeJs === 'browser'","            ? window","            : global;","        switch (local.modeJs) {","        // re-init local from window.local","        case 'browser':","            local = local.global.utility2.objectSetDefault(","                local.global.utility2_rollup || local.global.local,","                local.global.utility2","            );","            break;","        // re-init local from example.js","        case 'node':","            local = (local.global.utility2_rollup || require('utility2'))","                .requireReadme();","            break;","        }","        // export local","        local.global.local = local;","    }());","","","","    // run shared js-env code - function","    (function () {","        return;","    }());","    switch (local.modeJs) {","","","","    // run browser js-env code - function","    case 'browser':","        break;","","","","    // run node js-env code - function","    case 'node':","        break;","    }","","","","    // run shared js-env code - init-after","    (function () {","        return;","    }());","    switch (local.modeJs) {","","","","    // run browser js-env code - init-after","    case 'browser':","        local.testCase_browser_nullCase = local.testCase_browser_nullCase || function (","            options,","            onError","        ) {","        /*","         * this function will test browsers's null-case handling-behavior-behavior","         */","            onError(null, options);","        };","","        // run tests","        local.nop(local.modeTest &&","            document.querySelector('#testRunButton1') &&","            document.querySelector('#testRunButton1').click());","        break;","","","","    // run node js-env code - init-after","    /* istanbul ignore next */","    case 'node':","        local.testCase_buildApidoc_default = local.testCase_buildApidoc_default || function (","            options,","            onError","        ) {","        /*","         * this function will test buildApidoc's default handling-behavior-behavior","         */","            options = { modulePathList: module.paths };","            local.buildApidoc(options, onError);","        };","","        local.testCase_buildApp_default = local.testCase_buildApp_default || function (","            options,","            onError","        ) {","        /*","         * this function will test buildApp's default handling-behavior-behavior","         */","            local.testCase_buildReadme_default(options, local.onErrorThrow);","            local.testCase_buildLib_default(options, local.onErrorThrow);","            local.testCase_buildTest_default(options, local.onErrorThrow);","            local.testCase_buildCustomOrg_default(options, local.onErrorThrow);","            options = [];","            local.buildApp(options, onError);","        };","","        local.testCase_buildCustomOrg_default = local.testCase_buildCustomOrg_default ||","            function (options, onError) {","            /*","             * this function will test buildCustomOrg's default handling-behavior","             */","                options = {};","                local.buildCustomOrg(options, onError);","            };","","        local.testCase_buildLib_default = local.testCase_buildLib_default || function (","            options,","            onError","        ) {","        /*","         * this function will test buildLib's default handling-behavior","         */","            options = {};","            local.buildLib(options, onError);","        };","","        local.testCase_buildReadme_default = local.testCase_buildReadme_default || function (","            options,","            onError","        ) {","        /*","         * this function will test buildReadme's default handling-behavior-behavior","         */","            options = {};","            local.buildReadme(options, onError);","        };","","        local.testCase_buildTest_default = local.testCase_buildTest_default || function (","            options,","            onError","        ) {","        /*","         * this function will test buildTest's default handling-behavior","         */","            options = {};","            local.buildTest(options, onError);","        };","","        local.testCase_webpage_default = local.testCase_webpage_default || function (","            options,","            onError","        ) {","        /*","         * this function will test webpage's default handling-behavior","         */","            options = { modeCoverageMerge: true, url: local.serverLocalHost + '?modeTest=1' };","            local.browserTest(options, onError);","        };","","        // run test-server","        local.testRunServer(local);","        break;","    }","}());",""],"l":{"12":2,"14":2,"19":2,"21":2,"23":2,"24":2,"25":2,"30":1,"37":2,"40":2,"43":1,"47":1,"50":1,"52":1,"55":2,"61":2,"62":2,"64":2,"70":1,"76":1,"82":2,"83":2,"85":2,"91":1,"98":1,"102":1,"105":1,"112":1,"119":1,"120":1,"123":1,"130":1,"131":1,"132":1,"133":1,"134":1,"135":1,"138":1,"143":2,"144":2,"147":1,"154":2,"155":2,"158":1,"165":2,"166":2,"169":1,"176":2,"177":2,"180":1,"187":1,"188":1,"192":1,"193":1}},"/home/travis/build/npmtest/node-npmtest-git-stats/lib.npmtest_git_stats.js":{"path":"/home/travis/build/npmtest/node-npmtest-git-stats/lib.npmtest_git_stats.js","s":{"1":2,"2":2,"3":2,"4":2,"5":2,"6":2,"7":2,"8":1,"9":2,"10":2,"11":2,"12":2,"13":1,"14":1,"15":1,"16":1},"b":{"1":[2,1,1,1],"2":[1,1,1,1],"3":[1,1],"4":[2,2],"5":[1,1]},"f":{"1":2,"2":2,"3":2},"fnMap":{"1":{"name":"(anonymous_1)","line":12,"loc":{"start":{"line":12,"column":1},"end":{"line":12,"column":13}}},"2":{"name":"(anonymous_2)","line":19,"loc":{"start":{"line":19,"column":5},"end":{"line":19,"column":17}}},"3":{"name":"(anonymous_3)","line":23,"loc":{"start":{"line":23,"column":24},"end":{"line":23,"column":36}}}},"statementMap":{"1":{"start":{"line":12,"column":0},"end":{"line":53,"column":5}},"2":{"start":{"line":14,"column":4},"end":{"line":14,"column":14}},"3":{"start":{"line":19,"column":4},"end":{"line":52,"column":9}},"4":{"start":{"line":21,"column":8},"end":{"line":21,"column":19}},"5":{"start":{"line":23,"column":8},"end":{"line":35,"column":13}},"6":{"start":{"line":24,"column":12},"end":{"line":34,"column":13}},"7":{"start":{"line":25,"column":16},"end":{"line":28,"column":30}},"8":{"start":{"line":30,"column":16},"end":{"line":33,"column":27}},"9":{"start":{"line":37,"column":8},"end":{"line":39,"column":21}},"10":{"start":{"line":41,"column":8},"end":{"line":41,"column":54}},"11":{"start":{"line":43,"column":8},"end":{"line":43,"column":54}},"12":{"start":{"line":45,"column":8},"end":{"line":51,"column":9}},"13":{"start":{"line":46,"column":12},"end":{"line":46,"column":60}},"14":{"start":{"line":48,"column":12},"end":{"line":48,"column":35}},"15":{"start":{"line":49,"column":12},"end":{"line":49,"column":49}},"16":{"start":{"line":50,"column":12},"end":{"line":50,"column":43}}},"branchMap":{"1":{"line":25,"type":"binary-expr","locations":[{"start":{"line":25,"column":23},"end":{"line":25,"column":62}},{"start":{"line":26,"column":20},"end":{"line":26,"column":70}},{"start":{"line":27,"column":20},"end":{"line":27,"column":71}},{"start":{"line":28,"column":20},"end":{"line":28,"column":29}}]},"2":{"line":30,"type":"binary-expr","locations":[{"start":{"line":30,"column":23},"end":{"line":30,"column":37}},{"start":{"line":31,"column":20},"end":{"line":31,"column":61}},{"start":{"line":32,"column":20},"end":{"line":32,"column":70}},{"start":{"line":33,"column":20},"end":{"line":33,"column":26}}]},"3":{"line":37,"type":"cond-expr","locations":[{"start":{"line":38,"column":14},"end":{"line":38,"column":20}},{"start":{"line":39,"column":14},"end":{"line":39,"column":20}}]},"4":{"line":41,"type":"binary-expr","locations":[{"start":{"line":41,"column":16},"end":{"line":41,"column":44}},{"start":{"line":41,"column":48},"end":{"line":41,"column":53}}]},"5":{"line":45,"type":"if","locations":[{"start":{"line":45,"column":8},"end":{"line":45,"column":8}},{"start":{"line":45,"column":8},"end":{"line":45,"column":8}}]}},"code":["/* istanbul instrument in package npmtest_git_stats */","/*jslint","    bitwise: true,","    browser: true,","    maxerr: 8,","    maxlen: 96,","    node: true,","    nomen: true,","    regexp: true,","    stupid: true","*/","(function () {","    'use strict';","    var local;","","","","    // run shared js-env code - init-before","    (function () {","        // init local","        local = {};","        // init modeJs","        local.modeJs = (function () {","            try {","                return typeof navigator.userAgent === 'string' &&","                    typeof document.querySelector('body') === 'object' &&","                    typeof XMLHttpRequest.prototype.open === 'function' &&","                    'browser';","            } catch (errorCaughtBrowser) {","                return module.exports &&","                    typeof process.versions.node === 'string' &&","                    typeof require('http').createServer === 'function' &&","                    'node';","            }","        }());","        // init global","        local.global = local.modeJs === 'browser'","            ? window","            : global;","        // init utility2_rollup","        local = local.global.utility2_rollup || local;","        // init lib","        local.local = local.npmtest_git_stats = local;","        // init exports","        if (local.modeJs === 'browser') {","            local.global.utility2_npmtest_git_stats = local;","        } else {","            module.exports = local;","            module.exports.__dirname = __dirname;","            module.exports.module = module;","        }","    }());","}());",""],"l":{"12":2,"14":2,"19":2,"21":2,"23":2,"24":2,"25":2,"30":1,"37":2,"41":2,"43":2,"45":2,"46":1,"48":1,"49":1,"50":1}},"/home/travis/build/npmtest/node-npmtest-git-stats/example.js":{"path":"/home/travis/build/npmtest/node-npmtest-git-stats/example.js","s":{"1":2,"2":2,"3":2,"4":2,"5":2,"6":2,"7":2,"8":1,"9":2,"10":2,"11":2,"12":2,"13":1,"14":2,"15":2,"16":2,"17":2,"18":2,"19":0,"20":2,"21":1,"22":1,"23":1,"24":1,"25":1,"26":0,"27":0,"28":1,"29":1,"30":2,"31":0,"32":0,"33":0,"34":1,"35":2,"36":2,"37":3,"38":3,"39":3,"40":3,"41":0,"42":3,"43":3,"44":3,"45":1,"46":3,"47":1,"48":1,"49":1,"50":1,"51":1,"52":1,"53":1,"54":1,"55":1,"56":1,"57":0,"58":1,"59":6,"60":6,"61":1,"62":2,"63":0,"64":2,"65":1,"66":1,"67":0,"68":0,"69":0,"70":0,"71":0,"72":0,"73":0,"74":0,"75":0,"76":0,"77":0,"78":0,"79":0,"80":0,"81":0,"82":0,"83":0},"b":{"1":[2,1,1,1],"2":[1,1,1,1],"3":[1,1],"4":[2,2],"5":[1,1],"6":[1,1],"7":[2,0],"8":[2,1,1,1,1,1],"9":[0,2,0],"10":[1,1],"11":[2,1,1],"12":[1,0],"13":[0,2],"14":[2,0,0,0,0,0,0],"15":[0,3],"16":[3,0],"17":[1,1],"18":[0,1],"19":[1,2,0,2],"20":[1,0],"21":[1,1],"22":[0,0],"23":[0,0],"24":[0,0],"25":[0,0],"26":[0,0],"27":[0,0],"28":[0,0]},"f":{"1":2,"2":2,"3":2,"4":2,"5":2,"6":2,"7":3,"8":3,"9":3,"10":1,"11":6,"12":0},"fnMap":{"1":{"name":"(anonymous_1)","line":26,"loc":{"start":{"line":26,"column":1},"end":{"line":26,"column":13}}},"2":{"name":"(anonymous_2)","line":33,"loc":{"start":{"line":33,"column":5},"end":{"line":33,"column":17}}},"3":{"name":"(anonymous_3)","line":37,"loc":{"start":{"line":37,"column":24},"end":{"line":37,"column":36}}},"4":{"name":"(anonymous_4)","line":69,"loc":{"start":{"line":69,"column":31},"end":{"line":69,"column":48}},"skip":true},"5":{"name":"(anonymous_5)","line":78,"loc":{"start":{"line":78,"column":26},"end":{"line":78,"column":45}},"skip":true},"6":{"name":"(anonymous_6)","line":123,"loc":{"start":{"line":123,"column":33},"end":{"line":123,"column":48}},"skip":true},"7":{"name":"(anonymous_7)","line":125,"loc":{"start":{"line":125,"column":27},"end":{"line":125,"column":39}},"skip":true},"8":{"name":"(anonymous_8)","line":133,"loc":{"start":{"line":133,"column":59},"end":{"line":133,"column":74}},"skip":true},"9":{"name":"(anonymous_9)","line":143,"loc":{"start":{"line":143,"column":45},"end":{"line":143,"column":62}},"skip":true},"10":{"name":"(anonymous_10)","line":144,"loc":{"start":{"line":144,"column":73},"end":{"line":144,"column":92}},"skip":true},"11":{"name":"(anonymous_11)","line":272,"loc":{"start":{"line":272,"column":51},"end":{"line":272,"column":77}},"skip":true},"12":{"name":"(anonymous_12)","line":315,"loc":{"start":{"line":315,"column":32},"end":{"line":315,"column":61}},"skip":true}},"statementMap":{"1":{"start":{"line":26,"column":0},"end":{"line":326,"column":5}},"2":{"start":{"line":28,"column":4},"end":{"line":28,"column":14}},"3":{"start":{"line":33,"column":4},"end":{"line":60,"column":9}},"4":{"start":{"line":35,"column":8},"end":{"line":35,"column":19}},"5":{"start":{"line":37,"column":8},"end":{"line":49,"column":13}},"6":{"start":{"line":38,"column":12},"end":{"line":48,"column":13}},"7":{"start":{"line":39,"column":16},"end":{"line":42,"column":30}},"8":{"start":{"line":44,"column":16},"end":{"line":47,"column":27}},"9":{"start":{"line":51,"column":8},"end":{"line":53,"column":21}},"10":{"start":{"line":55,"column":8},"end":{"line":57,"column":45}},"11":{"start":{"line":59,"column":8},"end":{"line":59,"column":35}},"12":{"start":{"line":61,"column":4},"end":{"line":325,"column":5}},"13":{"start":{"line":69,"column":8},"end":{"line":121,"column":10},"skip":true},"14":{"start":{"line":70,"column":12},"end":{"line":88,"column":13},"skip":true},"15":{"start":{"line":76,"column":16},"end":{"line":87,"column":19},"skip":true},"16":{"start":{"line":79,"column":20},"end":{"line":86,"column":21},"skip":true},"17":{"start":{"line":82,"column":24},"end":{"line":82,"column":43},"skip":true},"18":{"start":{"line":83,"column":24},"end":{"line":83,"column":30},"skip":true},"19":{"start":{"line":85,"column":24},"end":{"line":85,"column":49},"skip":true},"20":{"start":{"line":89,"column":12},"end":{"line":107,"column":13},"skip":true},"21":{"start":{"line":92,"column":16},"end":{"line":102,"column":17},"skip":true},"22":{"start":{"line":93,"column":20},"end":{"line":93,"column":86},"skip":true},"23":{"start":{"line":94,"column":20},"end":{"line":95,"column":45},"skip":true},"24":{"start":{"line":96,"column":20},"end":{"line":96,"column":42},"skip":true},"25":{"start":{"line":97,"column":20},"end":{"line":97,"column":48},"skip":true},"26":{"start":{"line":100,"column":20},"end":{"line":100,"column":85},"skip":true},"27":{"start":{"line":101,"column":20},"end":{"line":101,"column":96},"skip":true},"28":{"start":{"line":103,"column":16},"end":{"line":103,"column":22},"skip":true},"29":{"start":{"line":106,"column":16},"end":{"line":106,"column":22},"skip":true},"30":{"start":{"line":108,"column":12},"end":{"line":120,"column":13},"skip":true},"31":{"start":{"line":114,"column":16},"end":{"line":119,"column":17},"skip":true},"32":{"start":{"line":116,"column":20},"end":{"line":116,"column":78},"skip":true},"33":{"start":{"line":118,"column":20},"end":{"line":118,"column":47},"skip":true},"34":{"start":{"line":123,"column":8},"end":{"line":141,"column":11},"skip":true},"35":{"start":{"line":124,"column":12},"end":{"line":124,"column":54},"skip":true},"36":{"start":{"line":125,"column":12},"end":{"line":140,"column":14},"skip":true},"37":{"start":{"line":126,"column":16},"end":{"line":126,"column":28},"skip":true},"38":{"start":{"line":127,"column":16},"end":{"line":127,"column":69},"skip":true},"39":{"start":{"line":128,"column":16},"end":{"line":128,"column":75},"skip":true},"40":{"start":{"line":129,"column":16},"end":{"line":131,"column":17},"skip":true},"41":{"start":{"line":130,"column":20},"end":{"line":130,"column":27},"skip":true},"42":{"start":{"line":133,"column":16},"end":{"line":137,"column":36},"skip":true},"43":{"start":{"line":134,"column":20},"end":{"line":136,"column":55},"skip":true},"44":{"start":{"line":139,"column":16},"end":{"line":139,"column":57},"skip":true},"45":{"start":{"line":143,"column":8},"end":{"line":147,"column":11},"skip":true},"46":{"start":{"line":144,"column":12},"end":{"line":146,"column":15},"skip":true},"47":{"start":{"line":145,"column":16},"end":{"line":145,"column":70},"skip":true},"48":{"start":{"line":149,"column":8},"end":{"line":149,"column":31},"skip":true},"49":{"start":{"line":150,"column":8},"end":{"line":150,"column":14},"skip":true},"50":{"start":{"line":158,"column":8},"end":{"line":158,"column":31},"skip":true},"51":{"start":{"line":160,"column":8},"end":{"line":160,"column":33},"skip":true},"52":{"start":{"line":161,"column":8},"end":{"line":161,"column":37},"skip":true},"53":{"start":{"line":162,"column":8},"end":{"line":162,"column":35},"skip":true},"54":{"start":{"line":164,"column":8},"end":{"line":164,"column":50},"skip":true},"55":{"start":{"line":166,"column":8},"end":{"line":256,"column":2},"skip":true},"56":{"start":{"line":258,"column":8},"end":{"line":286,"column":9},"skip":true},"57":{"start":{"line":259,"column":12},"end":{"line":269,"column":14},"skip":true},"58":{"start":{"line":271,"column":12},"end":{"line":285,"column":19},"skip":true},"59":{"start":{"line":274,"column":20},"end":{"line":274,"column":35},"skip":true},"60":{"start":{"line":275,"column":20},"end":{"line":284,"column":21},"skip":true},"61":{"start":{"line":277,"column":24},"end":{"line":277,"column":64},"skip":true},"62":{"start":{"line":279,"column":24},"end":{"line":279,"column":40},"skip":true},"63":{"start":{"line":281,"column":24},"end":{"line":281,"column":40},"skip":true},"64":{"start":{"line":283,"column":24},"end":{"line":283,"column":39},"skip":true},"65":{"start":{"line":288,"column":8},"end":{"line":290,"column":9},"skip":true},"66":{"start":{"line":289,"column":12},"end":{"line":289,"column":18},"skip":true},"67":{"start":{"line":291,"column":8},"end":{"line":293,"column":54},"skip":true},"68":{"start":{"line":296,"column":8},"end":{"line":301,"column":37},"skip":true},"69":{"start":{"line":303,"column":8},"end":{"line":303,"column":82},"skip":true},"70":{"start":{"line":306,"column":8},"end":{"line":308,"column":9},"skip":true},"71":{"start":{"line":307,"column":12},"end":{"line":307,"column":82},"skip":true},"72":{"start":{"line":310,"column":8},"end":{"line":312,"column":9},"skip":true},"73":{"start":{"line":311,"column":12},"end":{"line":311,"column":18},"skip":true},"74":{"start":{"line":313,"column":8},"end":{"line":313,"column":54},"skip":true},"75":{"start":{"line":314,"column":8},"end":{"line":314,"column":69},"skip":true},"76":{"start":{"line":315,"column":8},"end":{"line":323,"column":36},"skip":true},"77":{"start":{"line":316,"column":12},"end":{"line":316,"column":61},"skip":true},"78":{"start":{"line":317,"column":12},"end":{"line":320,"column":13},"skip":true},"79":{"start":{"line":318,"column":16},"end":{"line":318,"column":75},"skip":true},"80":{"start":{"line":319,"column":16},"end":{"line":319,"column":23},"skip":true},"81":{"start":{"line":321,"column":12},"end":{"line":321,"column":38},"skip":true},"82":{"start":{"line":322,"column":12},"end":{"line":322,"column":27},"skip":true},"83":{"start":{"line":324,"column":8},"end":{"line":324,"column":14},"skip":true}},"branchMap":{"1":{"line":39,"type":"binary-expr","locations":[{"start":{"line":39,"column":23},"end":{"line":39,"column":62}},{"start":{"line":40,"column":20},"end":{"line":40,"column":70}},{"start":{"line":41,"column":20},"end":{"line":41,"column":71}},{"start":{"line":42,"column":20},"end":{"line":42,"column":29}}]},"2":{"line":44,"type":"binary-expr","locations":[{"start":{"line":44,"column":23},"end":{"line":44,"column":37}},{"start":{"line":45,"column":20},"end":{"line":45,"column":61}},{"start":{"line":46,"column":20},"end":{"line":46,"column":70}},{"start":{"line":47,"column":20},"end":{"line":47,"column":26}}]},"3":{"line":51,"type":"cond-expr","locations":[{"start":{"line":52,"column":14},"end":{"line":52,"column":20}},{"start":{"line":53,"column":14},"end":{"line":53,"column":20}}]},"4":{"line":55,"type":"binary-expr","locations":[{"start":{"line":55,"column":16},"end":{"line":55,"column":44}},{"start":{"line":55,"column":49},"end":{"line":57,"column":43}}]},"5":{"line":55,"type":"cond-expr","locations":[{"start":{"line":56,"column":14},"end":{"line":56,"column":53}},{"start":{"line":57,"column":14},"end":{"line":57,"column":43}}]},"6":{"line":61,"type":"switch","locations":[{"start":{"line":68,"column":4},"end":{"line":150,"column":14},"skip":true},{"start":{"line":156,"column":4},"end":{"line":324,"column":14},"skip":true}]},"7":{"line":70,"type":"if","locations":[{"start":{"line":70,"column":12},"end":{"line":70,"column":12},"skip":true},{"start":{"line":70,"column":12},"end":{"line":70,"column":12},"skip":true}]},"8":{"line":70,"type":"binary-expr","locations":[{"start":{"line":70,"column":16},"end":{"line":70,"column":22},"skip":true},{"start":{"line":70,"column":27},"end":{"line":70,"column":32},"skip":true},{"start":{"line":71,"column":20},"end":{"line":71,"column":39},"skip":true},{"start":{"line":72,"column":20},"end":{"line":72,"column":49},"skip":true},{"start":{"line":73,"column":20},"end":{"line":73,"column":58},"skip":true},{"start":{"line":74,"column":20},"end":{"line":74,"column":69},"skip":true}]},"9":{"line":79,"type":"switch","locations":[{"start":{"line":80,"column":20},"end":{"line":80,"column":33},"skip":true},{"start":{"line":81,"column":20},"end":{"line":83,"column":30},"skip":true},{"start":{"line":84,"column":20},"end":{"line":85,"column":49},"skip":true}]},"10":{"line":89,"type":"switch","locations":[{"start":{"line":90,"column":12},"end":{"line":103,"column":22},"skip":true},{"start":{"line":105,"column":12},"end":{"line":106,"column":22},"skip":true}]},"11":{"line":89,"type":"binary-expr","locations":[{"start":{"line":89,"column":20},"end":{"line":89,"column":25},"skip":true},{"start":{"line":89,"column":29},"end":{"line":89,"column":48},"skip":true},{"start":{"line":89,"column":52},"end":{"line":89,"column":74},"skip":true}]},"12":{"line":92,"type":"if","locations":[{"start":{"line":92,"column":16},"end":{"line":92,"column":16},"skip":true},{"start":{"line":92,"column":16},"end":{"line":92,"column":16},"skip":true}]},"13":{"line":108,"type":"if","locations":[{"start":{"line":108,"column":12},"end":{"line":108,"column":12},"skip":true},{"start":{"line":108,"column":12},"end":{"line":108,"column":12},"skip":true}]},"14":{"line":108,"type":"binary-expr","locations":[{"start":{"line":108,"column":16},"end":{"line":108,"column":61},"skip":true},{"start":{"line":108,"column":66},"end":{"line":108,"column":72},"skip":true},{"start":{"line":108,"column":77},"end":{"line":108,"column":82},"skip":true},{"start":{"line":109,"column":20},"end":{"line":109,"column":39},"skip":true},{"start":{"line":110,"column":20},"end":{"line":110,"column":49},"skip":true},{"start":{"line":111,"column":20},"end":{"line":111,"column":58},"skip":true},{"start":{"line":112,"column":20},"end":{"line":112,"column":68},"skip":true}]},"15":{"line":129,"type":"if","locations":[{"start":{"line":129,"column":16},"end":{"line":129,"column":16},"skip":true},{"start":{"line":129,"column":16},"end":{"line":129,"column":16},"skip":true}]},"16":{"line":134,"type":"cond-expr","locations":[{"start":{"line":135,"column":26},"end":{"line":135,"column":29},"skip":true},{"start":{"line":136,"column":26},"end":{"line":136,"column":54},"skip":true}]},"17":{"line":164,"type":"binary-expr","locations":[{"start":{"line":164,"column":27},"end":{"line":164,"column":43},"skip":true},{"start":{"line":164,"column":47},"end":{"line":164,"column":49},"skip":true}]},"18":{"line":258,"type":"if","locations":[{"start":{"line":258,"column":8},"end":{"line":258,"column":8},"skip":true},{"start":{"line":258,"column":8},"end":{"line":258,"column":8},"skip":true}]},"19":{"line":275,"type":"switch","locations":[{"start":{"line":276,"column":20},"end":{"line":277,"column":64},"skip":true},{"start":{"line":278,"column":20},"end":{"line":279,"column":40},"skip":true},{"start":{"line":280,"column":20},"end":{"line":281,"column":40},"skip":true},{"start":{"line":282,"column":20},"end":{"line":283,"column":39},"skip":true}]},"20":{"line":288,"type":"if","locations":[{"start":{"line":288,"column":8},"end":{"line":288,"column":8},"skip":true},{"start":{"line":288,"column":8},"end":{"line":288,"column":8},"skip":true}]},"21":{"line":288,"type":"binary-expr","locations":[{"start":{"line":288,"column":12},"end":{"line":288,"column":40},"skip":true},{"start":{"line":288,"column":44},"end":{"line":288,"column":67},"skip":true}]},"22":{"line":292,"type":"binary-expr","locations":[{"start":{"line":292,"column":12},"end":{"line":292,"column":50},"skip":true},{"start":{"line":293,"column":12},"end":{"line":293,"column":53},"skip":true}]},"23":{"line":297,"type":"binary-expr","locations":[{"start":{"line":297,"column":12},"end":{"line":297,"column":67},"skip":true},{"start":{"line":298,"column":12},"end":{"line":301,"column":36},"skip":true}]},"24":{"line":303,"type":"binary-expr","locations":[{"start":{"line":303,"column":43},"end":{"line":303,"column":75},"skip":true},{"start":{"line":303,"column":79},"end":{"line":303,"column":81},"skip":true}]},"25":{"line":306,"type":"if","locations":[{"start":{"line":306,"column":8},"end":{"line":306,"column":8},"skip":true},{"start":{"line":306,"column":8},"end":{"line":306,"column":8},"skip":true}]},"26":{"line":310,"type":"if","locations":[{"start":{"line":310,"column":8},"end":{"line":310,"column":8},"skip":true},{"start":{"line":310,"column":8},"end":{"line":310,"column":8},"skip":true}]},"27":{"line":313,"type":"binary-expr","locations":[{"start":{"line":313,"column":27},"end":{"line":313,"column":43},"skip":true},{"start":{"line":313,"column":47},"end":{"line":313,"column":53},"skip":true}]},"28":{"line":317,"type":"if","locations":[{"start":{"line":317,"column":12},"end":{"line":317,"column":12},"skip":true},{"start":{"line":317,"column":12},"end":{"line":317,"column":12},"skip":true}]}},"code":["/*","example.js","","quickstart example","","instruction","    1. save this script as example.js","    2. run the shell command:","        $ npm install npmtest-git-stats && PORT=8081 node example.js","    3. play with the browser-demo on http://127.0.0.1:8081","*/","","","","/* istanbul instrument in package npmtest_git_stats */","/*jslint","    bitwise: true,","    browser: true,","    maxerr: 8,","    maxlen: 96,","    node: true,","    nomen: true,","    regexp: true,","    stupid: true","*/","(function () {","    'use strict';","    var local;","","","","    // run shared js-env code - init-before","    (function () {","        // init local","        local = {};","        // init modeJs","        local.modeJs = (function () {","            try {","                return typeof navigator.userAgent === 'string' &&","                    typeof document.querySelector('body') === 'object' &&","                    typeof XMLHttpRequest.prototype.open === 'function' &&","                    'browser';","            } catch (errorCaughtBrowser) {","                return module.exports &&","                    typeof process.versions.node === 'string' &&","                    typeof require('http').createServer === 'function' &&","                    'node';","            }","        }());","        // init global","        local.global = local.modeJs === 'browser'","            ? window","            : global;","        // init utility2_rollup","        local = local.global.utility2_rollup || (local.modeJs === 'browser'","            ? local.global.utility2_npmtest_git_stats","            : global.utility2_moduleExports);","        // export local","        local.global.local = local;","    }());","    switch (local.modeJs) {","","","","    // init-after","    // run browser js-env code - init-after","    /* istanbul ignore next */","    case 'browser':","        local.testRunBrowser = function (event) {","            if (!event || (event &&","                    event.currentTarget &&","                    event.currentTarget.className &&","                    event.currentTarget.className.includes &&","                    event.currentTarget.className.includes('onreset'))) {","                // reset output","                Array.from(","                    document.querySelectorAll('body > .resettable')","                ).forEach(function (element) {","                    switch (element.tagName) {","                    case 'INPUT':","                    case 'TEXTAREA':","                        element.value = '';","                        break;","                    default:","                        element.textContent = '';","                    }","                });","            }","            switch (event && event.currentTarget && event.currentTarget.id) {","            case 'testRunButton1':","                // show tests","                if (document.querySelector('#testReportDiv1').style.display === 'none') {","                    document.querySelector('#testReportDiv1').style.display = 'block';","                    document.querySelector('#testRunButton1').textContent =","                        'hide internal test';","                    local.modeTest = true;","                    local.testRunDefault(local);","                // hide tests","                } else {","                    document.querySelector('#testReportDiv1').style.display = 'none';","                    document.querySelector('#testRunButton1').textContent = 'run internal test';","                }","                break;","            // custom-case","            default:","                break;","            }","            if (document.querySelector('#inputTextareaEval1') && (!event || (event &&","                    event.currentTarget &&","                    event.currentTarget.className &&","                    event.currentTarget.className.includes &&","                    event.currentTarget.className.includes('oneval')))) {","                // try to eval input-code","                try {","                    /*jslint evil: true*/","                    eval(document.querySelector('#inputTextareaEval1').value);","                } catch (errorCaught) {","                    console.error(errorCaught);","                }","            }","        };","        // log stderr and stdout to #outputTextareaStdout1","        ['error', 'log'].forEach(function (key) {","            console[key + '_original'] = console[key];","            console[key] = function () {","                var element;","                console[key + '_original'].apply(console, arguments);","                element = document.querySelector('#outputTextareaStdout1');","                if (!element) {","                    return;","                }","                // append text to #outputTextareaStdout1","                element.value += Array.from(arguments).map(function (arg) {","                    return typeof arg === 'string'","                        ? arg","                        : JSON.stringify(arg, null, 4);","                }).join(' ') + '\\n';","                // scroll textarea to bottom","                element.scrollTop = element.scrollHeight;","            };","        });","        // init event-handling","        ['change', 'click', 'keyup'].forEach(function (event) {","            Array.from(document.querySelectorAll('.on' + event)).forEach(function (element) {","                element.addEventListener(event, local.testRunBrowser);","            });","        });","        // run tests","        local.testRunBrowser();","        break;","","","","    // run node js-env code - init-after","    /* istanbul ignore next */","    case 'node':","        // export local","        module.exports = local;","        // require modules","        local.fs = require('fs');","        local.http = require('http');","        local.url = require('url');","        // init assets","        local.assetsDict = local.assetsDict || {};","        /* jslint-ignore-begin */","        local.assetsDict['/assets.index.template.html'] = '\\","<!doctype html>\\n\\","<html lang=\"en\">\\n\\","<head>\\n\\","<meta charset=\"UTF-8\">\\n\\","<meta name=\"viewport\" content=\"width=device-width, initial-scale=1\">\\n\\","<title>{{env.npm_package_name}} (v{{env.npm_package_version}})</title>\\n\\","<style>\\n\\","/*csslint\\n\\","    box-sizing: false,\\n\\","    universal-selector: false\\n\\","*/\\n\\","* {\\n\\","    box-sizing: border-box;\\n\\","}\\n\\","body {\\n\\","    background: #dde;\\n\\","    font-family: Arial, Helvetica, sans-serif;\\n\\","    margin: 2rem;\\n\\","}\\n\\","body > * {\\n\\","    margin-bottom: 1rem;\\n\\","}\\n\\",".utility2FooterDiv {\\n\\","    margin-top: 20px;\\n\\","    text-align: center;\\n\\","}\\n\\","</style>\\n\\","<style>\\n\\","/*csslint\\n\\","*/\\n\\","textarea {\\n\\","    font-family: monospace;\\n\\","    height: 10rem;\\n\\","    width: 100%;\\n\\","}\\n\\","textarea[readonly] {\\n\\","    background: #ddd;\\n\\","}\\n\\","</style>\\n\\","</head>\\n\\","<body>\\n\\","<!-- utility2-comment\\n\\","<div id=\"ajaxProgressDiv1\" style=\"background: #d00; height: 2px; left: 0; margin: 0; padding: 0; position: fixed; top: 0; transition: background 0.5s, width 1.5s; width: 25%;\"></div>\\n\\","utility2-comment -->\\n\\","<h1>\\n\\","<!-- utility2-comment\\n\\","    <a\\n\\","        {{#if env.npm_package_homepage}}\\n\\","        href=\"{{env.npm_package_homepage}}\"\\n\\","        {{/if env.npm_package_homepage}}\\n\\","        target=\"_blank\"\\n\\","    >\\n\\","utility2-comment -->\\n\\","        {{env.npm_package_name}} (v{{env.npm_package_version}})\\n\\","<!-- utility2-comment\\n\\","    </a>\\n\\","utility2-comment -->\\n\\","</h1>\\n\\","<h3>{{env.npm_package_description}}</h3>\\n\\","<!-- utility2-comment\\n\\","<h4><a download href=\"assets.app.js\">download standalone app</a></h4>\\n\\","<button class=\"onclick onreset\" id=\"testRunButton1\">run internal test</button><br>\\n\\","<div id=\"testReportDiv1\" style=\"display: none;\"></div>\\n\\","utility2-comment -->\\n\\","\\n\\","\\n\\","\\n\\","<label>stderr and stdout</label>\\n\\","<textarea class=\"resettable\" id=\"outputTextareaStdout1\" readonly></textarea>\\n\\","<!-- utility2-comment\\n\\","{{#if isRollup}}\\n\\","<script src=\"assets.app.js\"></script>\\n\\","{{#unless isRollup}}\\n\\","utility2-comment -->\\n\\","<script src=\"assets.utility2.rollup.js\"></script>\\n\\","<script src=\"jsonp.utility2._stateInit?callback=window.utility2._stateInit\"></script>\\n\\","<script src=\"assets.npmtest_git_stats.rollup.js\"></script>\\n\\","<script src=\"assets.example.js\"></script>\\n\\","<script src=\"assets.test.js\"></script>\\n\\","<!-- utility2-comment\\n\\","{{/if isRollup}}\\n\\","utility2-comment -->\\n\\","<div class=\"utility2FooterDiv\">\\n\\","    [ this app was created with\\n\\","    <a href=\"https://github.com/kaizhu256/node-utility2\" target=\"_blank\">utility2</a>\\n\\","    ]\\n\\","</div>\\n\\","</body>\\n\\","</html>\\n\\","';","        /* jslint-ignore-end */","        if (local.templateRender) {","            local.assetsDict['/'] = local.templateRender(","                local.assetsDict['/assets.index.template.html'],","                {","                    env: local.objectSetDefault(local.env, {","                        npm_package_description: 'the greatest app in the world!',","                        npm_package_name: 'my-app',","                        npm_package_nameAlias: 'my_app',","                        npm_package_version: '0.0.1'","                    })","                }","            );","        } else {","            local.assetsDict['/'] = local.assetsDict['/assets.index.template.html']","                .replace((/\\{\\{env\\.(\\w+?)\\}\\}/g), function (match0, match1) {","                    // jslint-hack","                    String(match0);","                    switch (match1) {","                    case 'npm_package_description':","                        return 'the greatest app in the world!';","                    case 'npm_package_name':","                        return 'my-app';","                    case 'npm_package_nameAlias':","                        return 'my_app';","                    case 'npm_package_version':","                        return '0.0.1';","                    }","                });","        }","        // run the cli","        if (local.global.utility2_rollup || module !== require.main) {","            break;","        }","        local.assetsDict['/assets.example.js'] =","            local.assetsDict['/assets.example.js'] ||","            local.fs.readFileSync(__filename, 'utf8');","        // bug-workaround - long $npm_package_buildCustomOrg","        /* jslint-ignore-begin */","        local.assetsDict['/assets.npmtest_git_stats.rollup.js'] =","            local.assetsDict['/assets.npmtest_git_stats.rollup.js'] ||","            local.fs.readFileSync(","                local.npmtest_git_stats.__dirname + '/lib.npmtest_git_stats.js',","                'utf8'","            ).replace((/^#!/), '//');","        /* jslint-ignore-end */","        local.assetsDict['/favicon.ico'] = local.assetsDict['/favicon.ico'] || '';","        // if $npm_config_timeout_exit exists,","        // then exit this process after $npm_config_timeout_exit ms","        if (Number(process.env.npm_config_timeout_exit)) {","            setTimeout(process.exit, Number(process.env.npm_config_timeout_exit));","        }","        // start server","        if (local.global.utility2_serverHttp1) {","            break;","        }","        process.env.PORT = process.env.PORT || '8081';","        console.error('server starting on port ' + process.env.PORT);","        local.http.createServer(function (request, response) {","            request.urlParsed = local.url.parse(request.url);","            if (local.assetsDict[request.urlParsed.pathname] !== undefined) {","                response.end(local.assetsDict[request.urlParsed.pathname]);","                return;","            }","            response.statusCode = 404;","            response.end();","        }).listen(process.env.PORT);","        break;","    }","}());",""],"l":{"26":2,"28":2,"33":2,"35":2,"37":2,"38":2,"39":2,"44":1,"51":2,"55":2,"59":2,"61":2,"69":1,"70":2,"76":2,"79":2,"82":2,"83":2,"85":1,"89":2,"92":1,"93":1,"94":1,"96":1,"97":1,"100":1,"101":1,"103":1,"106":1,"108":2,"114":1,"116":1,"118":1,"123":1,"124":2,"125":2,"126":3,"127":3,"128":3,"129":3,"130":1,"133":3,"134":3,"139":3,"143":1,"144":3,"145":1,"149":1,"150":1,"158":1,"160":1,"161":1,"162":1,"164":1,"166":1,"258":1,"259":1,"271":1,"274":6,"275":6,"277":1,"279":2,"281":1,"283":2,"288":1,"289":1,"291":1,"296":1,"303":1,"306":1,"307":1,"310":1,"311":1,"313":1,"314":1,"315":1,"316":1,"317":1,"318":1,"319":1,"321":1,"322":1,"324":1}},"/home/travis/build/npmtest/node-npmtest-git-stats/node_modules/git-stats/lib/index.js":{"path":"/home/travis/build/npmtest/node-npmtest-git-stats/node_modules/git-stats/lib/index.js","s":{"1":1,"2":1,"3":1,"4":0,"5":0,"6":1,"7":1,"8":1,"9":0,"10":0,"11":0,"12":0,"13":0,"14":0,"15":0,"16":0,"17":0,"18":0,"19":0,"20":1,"21":0,"22":0,"23":0,"24":0,"25":0,"26":0,"27":0,"28":0,"29":0,"30":0,"31":0,"32":0,"33":0,"34":0,"35":0,"36":1,"37":0,"38":0,"39":0,"40":0,"41":0,"42":0,"43":0,"44":0,"45":0,"46":0,"47":0,"48":0,"49":0,"50":0,"51":0,"52":0,"53":0,"54":1,"55":0,"56":0,"57":0,"58":0,"59":0,"60":0,"61":0,"62":0,"63":0,"64":0,"65":1,"66":0,"67":0,"68":0,"69":0,"70":0,"71":0,"72":0,"73":0,"74":0,"75":0,"76":0,"77":0,"78":0,"79":0,"80":1,"81":0,"82":0,"83":0,"84":0,"85":0,"86":0,"87":0,"88":0,"89":0,"90":0,"91":0,"92":0,"93":0,"94":0,"95":0,"96":1,"97":0,"98":0,"99":0,"100":0,"101":0,"102":0,"103":0,"104":0,"105":0,"106":1,"107":0,"108":0,"109":1,"110":0,"111":0,"112":0,"113":0,"114":0,"115":0,"116":0,"117":0,"118":0,"119":0,"120":0,"121":0,"122":1,"123":0,"124":0,"125":0,"126":0,"127":0,"128":0,"129":0,"130":0,"131":0,"132":0,"133":0,"134":0,"135":0,"136":1,"137":0,"138":0,"139":0,"140":0,"141":0,"142":0,"143":0,"144":0,"145":0,"146":0,"147":0,"148":0,"149":0,"150":0,"151":0,"152":0,"153":0,"154":0,"155":0,"156":0,"157":1,"158":0,"159":0,"160":0,"161":0,"162":0,"163":0,"164":0,"165":0,"166":0,"167":0,"168":0,"169":0,"170":0,"171":1,"172":0,"173":0,"174":0,"175":0,"176":0,"177":0,"178":0,"179":0,"180":0,"181":0,"182":0,"183":1,"184":0,"185":0,"186":0,"187":0,"188":0,"189":0,"190":0,"191":0,"192":0,"193":0,"194":0,"195":0,"196":0,"197":0,"198":0,"199":0,"200":0,"201":1,"202":0,"203":0,"204":0,"205":0,"206":0,"207":0,"208":0,"209":0,"210":0,"211":0,"212":0,"213":0,"214":0,"215":0,"216":0,"217":0,"218":0,"219":0,"220":1},"b":{"1":[0,0],"2":[0,0],"3":[0,0],"4":[0,0],"5":[0,0],"6":[0,0],"7":[0,0],"8":[0,0],"9":[0,0],"10":[0,0],"11":[0,0],"12":[0,0],"13":[0,0],"14":[0,0],"15":[0,0],"16":[0,0],"17":[0,0],"18":[0,0],"19":[0,0],"20":[0,0],"21":[0,0],"22":[0,0],"23":[0,0],"24":[0,0],"25":[0,0],"26":[0,0],"27":[0,0],"28":[0,0],"29":[0,0],"30":[0,0],"31":[0,0],"32":[0,0],"33":[0,0],"34":[0,0],"35":[0,0],"36":[0,0],"37":[0,0],"38":[0,0],"39":[0,0],"40":[0,0],"41":[0,0],"42":[0,0],"43":[0,0],"44":[0,0],"45":[0,0],"46":[0,0],"47":[0,0],"48":[0,0],"49":[0,0],"50":[0,0],"51":[0,0],"52":[0,0],"53":[0,0],"54":[0,0],"55":[0,0],"56":[0,0],"57":[0,0],"58":[0,0],"59":[0,0],"60":[0,0],"61":[0,0]},"f":{"1":0,"2":0,"3":0,"4":0,"5":0,"6":0,"7":0,"8":0,"9":0,"10":0,"11":0,"12":0,"13":0,"14":0,"15":0,"16":0,"17":0,"18":0,"19":0,"20":0,"21":0,"22":0,"23":0,"24":0,"25":0,"26":0,"27":0,"28":0,"29":0,"30":0,"31":0,"32":0,"33":0,"34":0,"35":0,"36":0,"37":0,"38":0},"fnMap":{"1":{"name":"GitStats","line":36,"loc":{"start":{"line":36,"column":0},"end":{"line":36,"column":28}}},"2":{"name":"(anonymous_2)","line":75,"loc":{"start":{"line":75,"column":31},"end":{"line":75,"column":51}}},"3":{"name":"(anonymous_3)","line":108,"loc":{"start":{"line":108,"column":32},"end":{"line":108,"column":59}}},"4":{"name":"(anonymous_4)","line":127,"loc":{"start":{"line":127,"column":23},"end":{"line":127,"column":44}}},"5":{"name":"(anonymous_5)","line":155,"loc":{"start":{"line":155,"column":28},"end":{"line":155,"column":54}}},"6":{"name":"(anonymous_6)","line":160,"loc":{"start":{"line":160,"column":27},"end":{"line":160,"column":42}}},"7":{"name":"modify","line":187,"loc":{"start":{"line":187,"column":4},"end":{"line":187,"column":32}}},"8":{"name":"(anonymous_8)","line":231,"loc":{"start":{"line":231,"column":34},"end":{"line":231,"column":60}}},"9":{"name":"(anonymous_9)","line":236,"loc":{"start":{"line":236,"column":27},"end":{"line":236,"column":42}}},"10":{"name":"modify","line":256,"loc":{"start":{"line":256,"column":4},"end":{"line":256,"column":32}}},"11":{"name":"(anonymous_11)","line":262,"loc":{"start":{"line":262,"column":41},"end":{"line":262,"column":61}}},"12":{"name":"(anonymous_12)","line":302,"loc":{"start":{"line":302,"column":25},"end":{"line":302,"column":45}}},"13":{"name":"(anonymous_13)","line":304,"loc":{"start":{"line":304,"column":24},"end":{"line":304,"column":45}}},"14":{"name":"(anonymous_14)","line":307,"loc":{"start":{"line":307,"column":43},"end":{"line":307,"column":58}}},"15":{"name":"(anonymous_15)","line":330,"loc":{"start":{"line":330,"column":26},"end":{"line":330,"column":53}}},"16":{"name":"(anonymous_16)","line":350,"loc":{"start":{"line":350,"column":33},"end":{"line":350,"column":59}}},"17":{"name":"(anonymous_17)","line":387,"loc":{"start":{"line":387,"column":27},"end":{"line":387,"column":53}}},"18":{"name":"(anonymous_18)","line":397,"loc":{"start":{"line":397,"column":13},"end":{"line":397,"column":35}}},"19":{"name":"(anonymous_19)","line":406,"loc":{"start":{"line":406,"column":31},"end":{"line":406,"column":47}}},"20":{"name":"(anonymous_20)","line":430,"loc":{"start":{"line":430,"column":30},"end":{"line":430,"column":56}}},"21":{"name":"(anonymous_21)","line":434,"loc":{"start":{"line":434,"column":21},"end":{"line":434,"column":43}}},"22":{"name":"(anonymous_22)","line":445,"loc":{"start":{"line":445,"column":21},"end":{"line":445,"column":34}}},"23":{"name":"(anonymous_23)","line":462,"loc":{"start":{"line":462,"column":21},"end":{"line":462,"column":34}}},"24":{"name":"(anonymous_24)","line":485,"loc":{"start":{"line":485,"column":34},"end":{"line":485,"column":63}}},"25":{"name":"(anonymous_25)","line":494,"loc":{"start":{"line":494,"column":24},"end":{"line":494,"column":46}}},"26":{"name":"(anonymous_26)","line":505,"loc":{"start":{"line":505,"column":34},"end":{"line":505,"column":50}}},"27":{"name":"(anonymous_27)","line":532,"loc":{"start":{"line":532,"column":29},"end":{"line":532,"column":58}}},"28":{"name":"(anonymous_28)","line":534,"loc":{"start":{"line":534,"column":126},"end":{"line":534,"column":149}}},"29":{"name":"(anonymous_29)","line":539,"loc":{"start":{"line":539,"column":45},"end":{"line":539,"column":58}}},"30":{"name":"(anonymous_30)","line":540,"loc":{"start":{"line":540,"column":43},"end":{"line":540,"column":57}}},"31":{"name":"(anonymous_31)","line":569,"loc":{"start":{"line":569,"column":32},"end":{"line":569,"column":61}}},"32":{"name":"(anonymous_32)","line":590,"loc":{"start":{"line":590,"column":26},"end":{"line":590,"column":50}}},"33":{"name":"(anonymous_33)","line":596,"loc":{"start":{"line":596,"column":48},"end":{"line":596,"column":64}}},"34":{"name":"(anonymous_34)","line":635,"loc":{"start":{"line":635,"column":36},"end":{"line":635,"column":65}}},"35":{"name":"(anonymous_35)","line":653,"loc":{"start":{"line":653,"column":173},"end":{"line":653,"column":191}}},"36":{"name":"(anonymous_36)","line":660,"loc":{"start":{"line":660,"column":19},"end":{"line":660,"column":34}}},"37":{"name":"(anonymous_37)","line":662,"loc":{"start":{"line":662,"column":20},"end":{"line":662,"column":32}}},"38":{"name":"(anonymous_38)","line":663,"loc":{"start":{"line":663,"column":37},"end":{"line":663,"column":50}}}},"statementMap":{"1":{"start":{"line":3,"column":0},"end":{"line":18,"column":46}},"2":{"start":{"line":21,"column":0},"end":{"line":26,"column":48}},"3":{"start":{"line":36,"column":0},"end":{"line":39,"column":1}},"4":{"start":{"line":37,"column":4},"end":{"line":37,"column":52}},"5":{"start":{"line":38,"column":4},"end":{"line":38,"column":21}},"6":{"start":{"line":42,"column":0},"end":{"line":42,"column":35}},"7":{"start":{"line":43,"column":0},"end":{"line":64,"column":2}},"8":{"start":{"line":75,"column":0},"end":{"line":97,"column":2}},"9":{"start":{"line":76,"column":4},"end":{"line":77,"column":19}},"10":{"start":{"line":79,"column":4},"end":{"line":86,"column":5}},"11":{"start":{"line":80,"column":8},"end":{"line":80,"column":36}},"12":{"start":{"line":82,"column":8},"end":{"line":85,"column":9}},"13":{"start":{"line":83,"column":12},"end":{"line":83,"column":23}},"14":{"start":{"line":84,"column":12},"end":{"line":84,"column":22}},"15":{"start":{"line":88,"column":4},"end":{"line":94,"column":5}},"16":{"start":{"line":89,"column":8},"end":{"line":89,"column":35}},"17":{"start":{"line":91,"column":8},"end":{"line":93,"column":9}},"18":{"start":{"line":92,"column":12},"end":{"line":92,"column":22}},"19":{"start":{"line":96,"column":4},"end":{"line":96,"column":16}},"20":{"start":{"line":108,"column":0},"end":{"line":136,"column":2}},"21":{"start":{"line":110,"column":4},"end":{"line":110,"column":20}},"22":{"start":{"line":112,"column":4},"end":{"line":115,"column":5}},"23":{"start":{"line":113,"column":8},"end":{"line":113,"column":25}},"24":{"start":{"line":114,"column":8},"end":{"line":114,"column":21}},"25":{"start":{"line":117,"column":4},"end":{"line":117,"column":33}},"26":{"start":{"line":120,"column":4},"end":{"line":124,"column":5}},"27":{"start":{"line":121,"column":8},"end":{"line":121,"column":67}},"28":{"start":{"line":122,"column":8},"end":{"line":122,"column":48}},"29":{"start":{"line":123,"column":8},"end":{"line":123,"column":27}},"30":{"start":{"line":126,"column":4},"end":{"line":135,"column":5}},"31":{"start":{"line":127,"column":8},"end":{"line":132,"column":11}},"32":{"start":{"line":128,"column":12},"end":{"line":130,"column":13}},"33":{"start":{"line":129,"column":16},"end":{"line":129,"column":37}},"34":{"start":{"line":131,"column":12},"end":{"line":131,"column":44}},"35":{"start":{"line":134,"column":8},"end":{"line":134,"column":42}},"36":{"start":{"line":155,"column":0},"end":{"line":213,"column":2}},"37":{"start":{"line":157,"column":4},"end":{"line":157,"column":20}},"38":{"start":{"line":160,"column":4},"end":{"line":162,"column":6}},"39":{"start":{"line":161,"column":8},"end":{"line":161,"column":27}},"40":{"start":{"line":161,"column":17},"end":{"line":161,"column":27}},"41":{"start":{"line":163,"column":4},"end":{"line":163,"column":24}},"42":{"start":{"line":165,"column":4},"end":{"line":167,"column":5}},"43":{"start":{"line":166,"column":8},"end":{"line":166,"column":52}},"44":{"start":{"line":169,"column":4},"end":{"line":174,"column":5}},"45":{"start":{"line":170,"column":8},"end":{"line":170,"column":83}},"46":{"start":{"line":171,"column":8},"end":{"line":171,"column":24}},"47":{"start":{"line":172,"column":11},"end":{"line":174,"column":5}},"48":{"start":{"line":173,"column":8},"end":{"line":173,"column":38}},"49":{"start":{"line":176,"column":4},"end":{"line":179,"column":5}},"50":{"start":{"line":177,"column":8},"end":{"line":177,"column":45}},"51":{"start":{"line":178,"column":8},"end":{"line":178,"column":24}},"52":{"start":{"line":183,"column":4},"end":{"line":185,"column":5}},"53":{"start":{"line":184,"column":8},"end":{"line":184,"column":24}},"54":{"start":{"line":187,"column":4},"end":{"line":202,"column":5}},"55":{"start":{"line":189,"column":8},"end":{"line":191,"column":56}},"56":{"start":{"line":193,"column":8},"end":{"line":193,"column":29}},"57":{"start":{"line":195,"column":8},"end":{"line":199,"column":9}},"58":{"start":{"line":196,"column":12},"end":{"line":196,"column":34}},"59":{"start":{"line":198,"column":12},"end":{"line":198,"column":39}},"60":{"start":{"line":201,"column":8},"end":{"line":201,"column":21}},"61":{"start":{"line":205,"column":4},"end":{"line":210,"column":5}},"62":{"start":{"line":206,"column":8},"end":{"line":206,"column":40}},"63":{"start":{"line":209,"column":8},"end":{"line":209,"column":25}},"64":{"start":{"line":212,"column":4},"end":{"line":212,"column":16}},"65":{"start":{"line":231,"column":0},"end":{"line":291,"column":2}},"66":{"start":{"line":233,"column":4},"end":{"line":233,"column":20}},"67":{"start":{"line":236,"column":4},"end":{"line":238,"column":6}},"68":{"start":{"line":237,"column":8},"end":{"line":237,"column":27}},"69":{"start":{"line":237,"column":17},"end":{"line":237,"column":27}},"70":{"start":{"line":239,"column":4},"end":{"line":239,"column":24}},"71":{"start":{"line":241,"column":4},"end":{"line":243,"column":5}},"72":{"start":{"line":242,"column":8},"end":{"line":242,"column":52}},"73":{"start":{"line":245,"column":4},"end":{"line":249,"column":5}},"74":{"start":{"line":246,"column":8},"end":{"line":246,"column":25}},"75":{"start":{"line":247,"column":11},"end":{"line":249,"column":5}},"76":{"start":{"line":248,"column":8},"end":{"line":248,"column":38}},"77":{"start":{"line":251,"column":4},"end":{"line":254,"column":5}},"78":{"start":{"line":252,"column":8},"end":{"line":252,"column":45}},"79":{"start":{"line":253,"column":8},"end":{"line":253,"column":24}},"80":{"start":{"line":256,"column":4},"end":{"line":280,"column":5}},"81":{"start":{"line":258,"column":8},"end":{"line":260,"column":9}},"82":{"start":{"line":259,"column":12},"end":{"line":259,"column":33}},"83":{"start":{"line":261,"column":8},"end":{"line":271,"column":9}},"84":{"start":{"line":262,"column":12},"end":{"line":264,"column":15}},"85":{"start":{"line":263,"column":16},"end":{"line":263,"column":43}},"86":{"start":{"line":266,"column":12},"end":{"line":268,"column":60}},"87":{"start":{"line":270,"column":12},"end":{"line":270,"column":36}},"88":{"start":{"line":273,"column":8},"end":{"line":277,"column":9}},"89":{"start":{"line":274,"column":12},"end":{"line":274,"column":34}},"90":{"start":{"line":276,"column":12},"end":{"line":276,"column":39}},"91":{"start":{"line":279,"column":8},"end":{"line":279,"column":21}},"92":{"start":{"line":283,"column":4},"end":{"line":288,"column":5}},"93":{"start":{"line":284,"column":8},"end":{"line":284,"column":40}},"94":{"start":{"line":287,"column":8},"end":{"line":287,"column":25}},"95":{"start":{"line":290,"column":4},"end":{"line":290,"column":16}},"96":{"start":{"line":302,"column":0},"end":{"line":318,"column":2}},"97":{"start":{"line":303,"column":4},"end":{"line":303,"column":20}},"98":{"start":{"line":304,"column":4},"end":{"line":316,"column":7}},"99":{"start":{"line":306,"column":8},"end":{"line":310,"column":9}},"100":{"start":{"line":307,"column":12},"end":{"line":309,"column":15}},"101":{"start":{"line":308,"column":16},"end":{"line":308,"column":44}},"102":{"start":{"line":312,"column":8},"end":{"line":314,"column":9}},"103":{"start":{"line":313,"column":12},"end":{"line":313,"column":33}},"104":{"start":{"line":315,"column":8},"end":{"line":315,"column":29}},"105":{"start":{"line":317,"column":4},"end":{"line":317,"column":16}},"106":{"start":{"line":330,"column":0},"end":{"line":333,"column":2}},"107":{"start":{"line":331,"column":4},"end":{"line":331,"column":42}},"108":{"start":{"line":332,"column":4},"end":{"line":332,"column":16}},"109":{"start":{"line":350,"column":0},"end":{"line":375,"column":2}},"110":{"start":{"line":352,"column":4},"end":{"line":355,"column":5}},"111":{"start":{"line":353,"column":8},"end":{"line":353,"column":24}},"112":{"start":{"line":354,"column":8},"end":{"line":354,"column":25}},"113":{"start":{"line":358,"column":4},"end":{"line":358,"column":36}},"114":{"start":{"line":359,"column":4},"end":{"line":359,"column":61}},"115":{"start":{"line":360,"column":4},"end":{"line":360,"column":45}},"116":{"start":{"line":362,"column":4},"end":{"line":366,"column":20}},"117":{"start":{"line":368,"column":4},"end":{"line":372,"column":5}},"118":{"start":{"line":369,"column":8},"end":{"line":369,"column":41}},"119":{"start":{"line":370,"column":8},"end":{"line":370,"column":30}},"120":{"start":{"line":371,"column":8},"end":{"line":371,"column":29}},"121":{"start":{"line":374,"column":4},"end":{"line":374,"column":16}},"122":{"start":{"line":387,"column":0},"end":{"line":418,"column":2}},"123":{"start":{"line":389,"column":4},"end":{"line":392,"column":5}},"124":{"start":{"line":390,"column":8},"end":{"line":390,"column":24}},"125":{"start":{"line":391,"column":8},"end":{"line":391,"column":25}},"126":{"start":{"line":394,"column":4},"end":{"line":394,"column":20}},"127":{"start":{"line":397,"column":4},"end":{"line":415,"column":7}},"128":{"start":{"line":398,"column":8},"end":{"line":400,"column":9}},"129":{"start":{"line":399,"column":12},"end":{"line":399,"column":33}},"130":{"start":{"line":402,"column":8},"end":{"line":403,"column":22}},"131":{"start":{"line":406,"column":8},"end":{"line":412,"column":11}},"132":{"start":{"line":407,"column":12},"end":{"line":407,"column":50}},"133":{"start":{"line":408,"column":12},"end":{"line":411,"column":14}},"134":{"start":{"line":414,"column":8},"end":{"line":414,"column":29}},"135":{"start":{"line":417,"column":4},"end":{"line":417,"column":16}},"136":{"start":{"line":430,"column":0},"end":{"line":473,"column":2}},"137":{"start":{"line":432,"column":4},"end":{"line":432,"column":20}},"138":{"start":{"line":434,"column":4},"end":{"line":471,"column":7}},"139":{"start":{"line":435,"column":8},"end":{"line":437,"column":9}},"140":{"start":{"line":436,"column":12},"end":{"line":436,"column":33}},"141":{"start":{"line":439,"column":8},"end":{"line":443,"column":23}},"142":{"start":{"line":445,"column":8},"end":{"line":459,"column":11}},"143":{"start":{"line":446,"column":12},"end":{"line":446,"column":28}},"144":{"start":{"line":447,"column":12},"end":{"line":447,"column":32}},"145":{"start":{"line":448,"column":12},"end":{"line":450,"column":13}},"146":{"start":{"line":449,"column":16},"end":{"line":449,"column":33}},"147":{"start":{"line":452,"column":12},"end":{"line":458,"column":13}},"148":{"start":{"line":453,"column":16},"end":{"line":455,"column":17}},"149":{"start":{"line":454,"column":20},"end":{"line":454,"column":46}},"150":{"start":{"line":457,"column":16},"end":{"line":457,"column":32}},"151":{"start":{"line":461,"column":8},"end":{"line":461,"column":47}},"152":{"start":{"line":462,"column":8},"end":{"line":468,"column":11}},"153":{"start":{"line":463,"column":12},"end":{"line":463,"column":28}},"154":{"start":{"line":464,"column":12},"end":{"line":467,"column":14}},"155":{"start":{"line":470,"column":8},"end":{"line":470,"column":28}},"156":{"start":{"line":472,"column":4},"end":{"line":472,"column":16}},"157":{"start":{"line":485,"column":0},"end":{"line":517,"column":2}},"158":{"start":{"line":487,"column":4},"end":{"line":490,"column":5}},"159":{"start":{"line":488,"column":8},"end":{"line":488,"column":27}},"160":{"start":{"line":489,"column":8},"end":{"line":489,"column":28}},"161":{"start":{"line":492,"column":4},"end":{"line":492,"column":20}},"162":{"start":{"line":494,"column":4},"end":{"line":514,"column":7}},"163":{"start":{"line":495,"column":8},"end":{"line":503,"column":10}},"164":{"start":{"line":505,"column":8},"end":{"line":511,"column":11}},"165":{"start":{"line":506,"column":12},"end":{"line":506,"column":38}},"166":{"start":{"line":507,"column":12},"end":{"line":509,"column":13}},"167":{"start":{"line":508,"column":16},"end":{"line":508,"column":23}},"168":{"start":{"line":510,"column":12},"end":{"line":510,"column":40}},"169":{"start":{"line":513,"column":8},"end":{"line":513,"column":44}},"170":{"start":{"line":516,"column":4},"end":{"line":516,"column":16}},"171":{"start":{"line":532,"column":0},"end":{"line":551,"column":2}},"172":{"start":{"line":533,"column":4},"end":{"line":533,"column":37}},"173":{"start":{"line":534,"column":4},"end":{"line":549,"column":7}},"174":{"start":{"line":535,"column":8},"end":{"line":537,"column":9}},"175":{"start":{"line":536,"column":12},"end":{"line":536,"column":33}},"176":{"start":{"line":538,"column":8},"end":{"line":538,"column":39}},"177":{"start":{"line":539,"column":8},"end":{"line":547,"column":11}},"178":{"start":{"line":540,"column":12},"end":{"line":542,"column":15}},"179":{"start":{"line":541,"column":16},"end":{"line":541,"column":33}},"180":{"start":{"line":543,"column":12},"end":{"line":546,"column":14}},"181":{"start":{"line":548,"column":8},"end":{"line":548,"column":32}},"182":{"start":{"line":550,"column":4},"end":{"line":550,"column":16}},"183":{"start":{"line":569,"column":0},"end":{"line":616,"column":2}},"184":{"start":{"line":571,"column":4},"end":{"line":575,"column":5}},"185":{"start":{"line":572,"column":8},"end":{"line":574,"column":10}},"186":{"start":{"line":577,"column":4},"end":{"line":579,"column":7}},"187":{"start":{"line":581,"column":4},"end":{"line":583,"column":5}},"188":{"start":{"line":582,"column":8},"end":{"line":582,"column":75}},"189":{"start":{"line":585,"column":4},"end":{"line":588,"column":21}},"190":{"start":{"line":590,"column":4},"end":{"line":613,"column":7}},"191":{"start":{"line":591,"column":8},"end":{"line":593,"column":9}},"192":{"start":{"line":592,"column":12},"end":{"line":592,"column":33}},"193":{"start":{"line":594,"column":8},"end":{"line":603,"column":9}},"194":{"start":{"line":595,"column":12},"end":{"line":600,"column":14}},"195":{"start":{"line":597,"column":20},"end":{"line":597,"column":39}},"196":{"start":{"line":601,"column":12},"end":{"line":601,"column":43}},"197":{"start":{"line":602,"column":12},"end":{"line":602,"column":33}},"198":{"start":{"line":605,"column":8},"end":{"line":610,"column":10}},"199":{"start":{"line":612,"column":8},"end":{"line":612,"column":98}},"200":{"start":{"line":615,"column":4},"end":{"line":615,"column":16}},"201":{"start":{"line":635,"column":0},"end":{"line":677,"column":2}},"202":{"start":{"line":637,"column":4},"end":{"line":641,"column":5}},"203":{"start":{"line":638,"column":8},"end":{"line":640,"column":10}},"204":{"start":{"line":643,"column":4},"end":{"line":643,"column":37}},"205":{"start":{"line":645,"column":4},"end":{"line":647,"column":5}},"206":{"start":{"line":646,"column":8},"end":{"line":646,"column":75}},"207":{"start":{"line":649,"column":4},"end":{"line":651,"column":17}},"208":{"start":{"line":653,"column":4},"end":{"line":674,"column":7}},"209":{"start":{"line":654,"column":8},"end":{"line":656,"column":9}},"210":{"start":{"line":655,"column":12},"end":{"line":655,"column":19}},"211":{"start":{"line":657,"column":8},"end":{"line":657,"column":56}},"212":{"start":{"line":658,"column":8},"end":{"line":658,"column":45}},"213":{"start":{"line":659,"column":8},"end":{"line":659,"column":25}},"214":{"start":{"line":661,"column":8},"end":{"line":661,"column":22}},"215":{"start":{"line":663,"column":8},"end":{"line":665,"column":11}},"216":{"start":{"line":664,"column":12},"end":{"line":664,"column":38}},"217":{"start":{"line":666,"column":8},"end":{"line":672,"column":10}},"218":{"start":{"line":673,"column":8},"end":{"line":673,"column":44}},"219":{"start":{"line":676,"column":4},"end":{"line":676,"column":16}},"220":{"start":{"line":679,"column":0},"end":{"line":679,"column":26}}},"branchMap":{"1":{"line":82,"type":"if","locations":[{"start":{"line":82,"column":8},"end":{"line":82,"column":8}},{"start":{"line":82,"column":8},"end":{"line":82,"column":8}}]},"2":{"line":88,"type":"if","locations":[{"start":{"line":88,"column":4},"end":{"line":88,"column":4}},{"start":{"line":88,"column":4},"end":{"line":88,"column":4}}]},"3":{"line":91,"type":"if","locations":[{"start":{"line":91,"column":8},"end":{"line":91,"column":8}},{"start":{"line":91,"column":8},"end":{"line":91,"column":8}}]},"4":{"line":112,"type":"if","locations":[{"start":{"line":112,"column":4},"end":{"line":112,"column":4}},{"start":{"line":112,"column":4},"end":{"line":112,"column":4}}]},"5":{"line":117,"type":"binary-expr","locations":[{"start":{"line":117,"column":12},"end":{"line":117,"column":17}},{"start":{"line":117,"column":21},"end":{"line":117,"column":32}}]},"6":{"line":120,"type":"if","locations":[{"start":{"line":120,"column":4},"end":{"line":120,"column":4}},{"start":{"line":120,"column":4},"end":{"line":120,"column":4}}]},"7":{"line":122,"type":"binary-expr","locations":[{"start":{"line":122,"column":8},"end":{"line":122,"column":16}},{"start":{"line":122,"column":20},"end":{"line":122,"column":47}}]},"8":{"line":126,"type":"if","locations":[{"start":{"line":126,"column":4},"end":{"line":126,"column":4}},{"start":{"line":126,"column":4},"end":{"line":126,"column":4}}]},"9":{"line":128,"type":"if","locations":[{"start":{"line":128,"column":12},"end":{"line":128,"column":12}},{"start":{"line":128,"column":12},"end":{"line":128,"column":12}}]},"10":{"line":160,"type":"binary-expr","locations":[{"start":{"line":160,"column":15},"end":{"line":160,"column":23}},{"start":{"line":160,"column":27},"end":{"line":162,"column":5}}]},"11":{"line":161,"type":"if","locations":[{"start":{"line":161,"column":8},"end":{"line":161,"column":8}},{"start":{"line":161,"column":8},"end":{"line":161,"column":8}}]},"12":{"line":165,"type":"if","locations":[{"start":{"line":165,"column":4},"end":{"line":165,"column":4}},{"start":{"line":165,"column":4},"end":{"line":165,"column":4}}]},"13":{"line":169,"type":"if","locations":[{"start":{"line":169,"column":4},"end":{"line":169,"column":4}},{"start":{"line":169,"column":4},"end":{"line":169,"column":4}}]},"14":{"line":172,"type":"if","locations":[{"start":{"line":172,"column":11},"end":{"line":172,"column":11}},{"start":{"line":172,"column":11},"end":{"line":172,"column":11}}]},"15":{"line":176,"type":"if","locations":[{"start":{"line":176,"column":4},"end":{"line":176,"column":4}},{"start":{"line":176,"column":4},"end":{"line":176,"column":4}}]},"16":{"line":176,"type":"binary-expr","locations":[{"start":{"line":176,"column":8},"end":{"line":176,"column":37}},{"start":{"line":176,"column":41},"end":{"line":176,"column":51}}]},"17":{"line":183,"type":"if","locations":[{"start":{"line":183,"column":4},"end":{"line":183,"column":4}},{"start":{"line":183,"column":4},"end":{"line":183,"column":4}}]},"18":{"line":183,"type":"binary-expr","locations":[{"start":{"line":183,"column":8},"end":{"line":183,"column":36}},{"start":{"line":183,"column":40},"end":{"line":183,"column":49}}]},"19":{"line":195,"type":"if","locations":[{"start":{"line":195,"column":8},"end":{"line":195,"column":8}},{"start":{"line":195,"column":8},"end":{"line":195,"column":8}}]},"20":{"line":205,"type":"if","locations":[{"start":{"line":205,"column":4},"end":{"line":205,"column":4}},{"start":{"line":205,"column":4},"end":{"line":205,"column":4}}]},"21":{"line":236,"type":"binary-expr","locations":[{"start":{"line":236,"column":15},"end":{"line":236,"column":23}},{"start":{"line":236,"column":27},"end":{"line":238,"column":5}}]},"22":{"line":237,"type":"if","locations":[{"start":{"line":237,"column":8},"end":{"line":237,"column":8}},{"start":{"line":237,"column":8},"end":{"line":237,"column":8}}]},"23":{"line":241,"type":"if","locations":[{"start":{"line":241,"column":4},"end":{"line":241,"column":4}},{"start":{"line":241,"column":4},"end":{"line":241,"column":4}}]},"24":{"line":245,"type":"if","locations":[{"start":{"line":245,"column":4},"end":{"line":245,"column":4}},{"start":{"line":245,"column":4},"end":{"line":245,"column":4}}]},"25":{"line":247,"type":"if","locations":[{"start":{"line":247,"column":11},"end":{"line":247,"column":11}},{"start":{"line":247,"column":11},"end":{"line":247,"column":11}}]},"26":{"line":251,"type":"if","locations":[{"start":{"line":251,"column":4},"end":{"line":251,"column":4}},{"start":{"line":251,"column":4},"end":{"line":251,"column":4}}]},"27":{"line":251,"type":"binary-expr","locations":[{"start":{"line":251,"column":8},"end":{"line":251,"column":37}},{"start":{"line":251,"column":41},"end":{"line":251,"column":51}}]},"28":{"line":258,"type":"if","locations":[{"start":{"line":258,"column":8},"end":{"line":258,"column":8}},{"start":{"line":258,"column":8},"end":{"line":258,"column":8}}]},"29":{"line":261,"type":"if","locations":[{"start":{"line":261,"column":8},"end":{"line":261,"column":8}},{"start":{"line":261,"column":8},"end":{"line":261,"column":8}}]},"30":{"line":273,"type":"if","locations":[{"start":{"line":273,"column":8},"end":{"line":273,"column":8}},{"start":{"line":273,"column":8},"end":{"line":273,"column":8}}]},"31":{"line":283,"type":"if","locations":[{"start":{"line":283,"column":4},"end":{"line":283,"column":4}},{"start":{"line":283,"column":4},"end":{"line":283,"column":4}}]},"32":{"line":306,"type":"if","locations":[{"start":{"line":306,"column":8},"end":{"line":306,"column":8}},{"start":{"line":306,"column":8},"end":{"line":306,"column":8}}]},"33":{"line":306,"type":"binary-expr","locations":[{"start":{"line":306,"column":12},"end":{"line":306,"column":15}},{"start":{"line":306,"column":19},"end":{"line":306,"column":40}}]},"34":{"line":312,"type":"if","locations":[{"start":{"line":312,"column":8},"end":{"line":312,"column":8}},{"start":{"line":312,"column":8},"end":{"line":312,"column":8}}]},"35":{"line":352,"type":"if","locations":[{"start":{"line":352,"column":4},"end":{"line":352,"column":4}},{"start":{"line":352,"column":4},"end":{"line":352,"column":4}}]},"36":{"line":358,"type":"binary-expr","locations":[{"start":{"line":358,"column":15},"end":{"line":358,"column":23}},{"start":{"line":358,"column":27},"end":{"line":358,"column":35}}]},"37":{"line":359,"type":"binary-expr","locations":[{"start":{"line":359,"column":17},"end":{"line":359,"column":27}},{"start":{"line":359,"column":31},"end":{"line":359,"column":60}}]},"38":{"line":360,"type":"binary-expr","locations":[{"start":{"line":360,"column":18},"end":{"line":360,"column":29}},{"start":{"line":360,"column":33},"end":{"line":360,"column":44}}]},"39":{"line":389,"type":"if","locations":[{"start":{"line":389,"column":4},"end":{"line":389,"column":4}},{"start":{"line":389,"column":4},"end":{"line":389,"column":4}}]},"40":{"line":398,"type":"if","locations":[{"start":{"line":398,"column":8},"end":{"line":398,"column":8}},{"start":{"line":398,"column":8},"end":{"line":398,"column":8}}]},"41":{"line":435,"type":"if","locations":[{"start":{"line":435,"column":8},"end":{"line":435,"column":8}},{"start":{"line":435,"column":8},"end":{"line":435,"column":8}}]},"42":{"line":448,"type":"if","locations":[{"start":{"line":448,"column":12},"end":{"line":448,"column":12}},{"start":{"line":448,"column":12},"end":{"line":448,"column":12}}]},"43":{"line":452,"type":"if","locatio
[...]
} The `GitStats` instance."," */","GitStats.prototype.graph = function (data, callback) {","","    if (typeof data === \"function\") {","        callback = data;","        data = undefined;","    }","","    var self = this;","","    // Get commits","    self.get(function (err, stats) {","        if (err) {","            return callback(err);","        }","","        var cDayObj = null,","            year = {};","","        // Iterate days","        self.iterateDays(data, function (cDay) {","            cDayObj = Object(stats.commits[cDay]);","            cDayObj = year[cDay] = {","                _: cDayObj,","                c: Object.keys(cDayObj).length","            };","        });","","        callback(null, year);","    });","","    return self;","};","","/**"," * calendar"," * Creates the calendar data for the provided period (default: *last year*)."," *"," * @name calendar"," * @function"," * @param {Object} data The object passed to the `graph` method."," * @param {Function} callback The callback function."," * @return {GitStats} The `GitStats` instance."," */","GitStats.prototype.calendar = function (data, callback) {","","    var self = this;","","    self.graph(data, function (err, graph) {","        if (err) {","            return callback(err);","        }","","        var cal = { total: 0, days: {}, cStreak: 0, lStreak: 0, max: 0 },","            cDay = null,","            days = Object.keys(graph),","            levels = null,","            cLevel = 0;","","        days.forEach(function (c) {","            cDay = graph[c];","            cal.total += cDay.c;","            if (cDay.c > cal.max) {","                cal.max = cDay.c;","            }","","            if (cDay.c > 0) {","                if (++cal.cStreak > cal.lStreak) {","                    cal.lStreak = cal.cStreak;","                }","            } else {","                cal.cStreak = 0;","            }","        });","","        levels = cal.max / (LEVELS.length * 2);","        days.forEach(function (c) {","            cDay = graph[c];","            cal.days[c] = {","                c: cDay.c,","                level: !levels ? 0 : (cLevel = Math.round(cDay.c / levels)) >= 4 ? 4 : !cLevel && cDay.c > 0 ? 1 : cLevel","            };","        });","","        callback(null, cal);","    });","    return self;","};","","/**"," * ansiCalendar"," * Creates the ANSI contributions calendar."," *"," * @name ansiCalendar"," * @function"," * @param {Object} options The object passed to the `calendar` method."," * @param {Function} callback The callback function."," * @return {GitStats} The `GitStats` instance."," */","GitStats.prototype.ansiCalendar = function (options, callback) {","","    if (typeof options === \"function\") {","        callback = options;","        options = undefined;","    }","","    var self = this;","","    self.graph(options, function (err, graph) {","        var cal = [],","            data = {","            theme: options.theme,","            start: options.start,","            end: options.end,","            firstDay: options.firstDay,","            cal: cal,","            raw: options.raw","        };","","        self.iterateDays(options, function (cDay) {","            var cDayObj = graph[cDay];","            if (!cDayObj) {","                return;","            }","            cal.push([cDay, cDayObj.c]);","        });","","        callback(null, CliGhCal(cal, data));","    });","","    return self;","};","","/**"," * authors"," * Creates an array with the authors of a git repository."," *"," * @name authors"," * @function"," * @param {String|Object} options The repo path or an object containing the following fields:"," *"," *  - `repo` (String): The repository path."," *"," * @param {Function} callback The callback function."," * @return {GitStats} The `GitStats` instance."," */","GitStats.prototype.authors = function (options, callback) {","    var repo = new Gry(options.repo);","    repo.exec(\"shortlog -s -n --all --since \\\"\" + options.start.toString() + \"\\\" --until \\\"\" + options.end.toString() + \"\\\"\", function (err, stdout) {","        if (err) {","            return callback(err);","        }","        var lines = stdout.split(\"\\n\");","        var pieData = stdout.split(\"\\n\").map(function (c) {","            var splits = c.split(\"\\t\").map(function (cc) {","                return cc.trim();","            });","            return {","                value: parseInt(splits[0]),","                label: splits[1]","            };","        });","        callback(null, pieData);","    });","    return this;","};","","/**"," * authorsPie"," * Creates the authors pie."," *"," * @name authorsPie"," * @function"," * @param {String|Object} options The repo path or an object containing the following fields:"," *"," *  - `repo` (String): The repository path."," *  - `radius` (Number): The pie radius."," *  - `no_ansi` (Boolean): If `true`, the pie will not contain ansi characters."," *  - `raw` (Boolean): If `true`, the raw JSON will be displayed."," *"," * @param {Function} callback The callback function."," * @return {GitStats} The `GitStats` instance."," */","GitStats.prototype.authorsPie = function (options, callback) {","","    if (typeof options === \"string\") {","        options = {","            repo: options","        };","    }","","    options = Ul.merge(options, {","        radius: process.stdout.rows / 2 || 20","    });","","    if (!IsThere(options.repo)) {","        return callback(new Error(\"The repository folder doesn't exist.\"));","    }","","    var self = this,","        repo = new Gry(options.repo),","        pie = null,","        pieData = [];","","    self.authors(options, function (err, authors) {","        if (err) {","            return callback(err);","        }","        if (authors.length > 50) {","            var others = {","                value: authors.slice(50).reduce(function (a, b) {","                    return a + b.value;","                }, 0),","                label: \"Others\"","            };","            authors = authors.slice(0, 50);","            authors.push(others);","        }","","        var data = {","            legend: true,","            flat: true,","            no_ansi: options.no_ansi,","            authors: authors","        };","","        callback(null, options.raw ? data : new CliPie(options.radius, authors, data).toString());","    });","","    return self;","};","","/**"," * globalActivity"," * Creates the global contributions calendar (all commits made by all committers)."," *"," * @name globalActivity"," * @function"," * @param {String|Object} options The repo path or an object containing the following fields:"," *"," *  - `repo` (String): The repository path."," *  - `start` (String): The start date."," *  - `end` (String): The end date."," *  - `theme` (String|Object): The calendar theme."," *  - `raw` (Boolean): If `true`, the raw JSON will be displayed."," *"," * @param {Function} callback The callback function."," * @return {GitStats} The `GitStats` instance."," */","GitStats.prototype.globalActivity = function (options, callback) {","","    if (typeof options === \"string\") {","        options = {","            repo: options","        };","    }","","    options.repo = Abs(options.repo);","","    if (!IsThere(options.repo)) {","        return callback(new Error(\"The repository folder doesn't exist.\"));","    }","","    var commits = {},","        today = null,","        cal = [];","","    GitLogParser(Spawn(\"git\", [\"log\", \"--since\", options.start.format(DATE_FORMAT), \"--until\", options.end.format(DATE_FORMAT)], { cwd: options.repo }).stdout).on(\"commit\", function (commit) {","        if (!commit) {","            return;","        }","        today = Moment(commit.date).format(DATE_FORMAT);","        commits[today] = commits[today] || 0;","        ++commits[today];","    }).on(\"error\", function (err) {","        callback(err);","    }).on(\"finish\", function () {","        Object.keys(commits).forEach(function (c) {","            cal.push([c, commits[c]]);","        });","        var data = {","            theme: options.theme,","            start: options.start,","            end: options.end,","            cal: cal,","            raw: options.raw","        };","        callback(null, CliGhCal(cal, data));","    });","","    return this;","};","","module.exports = GitStats;"],"l":{"3":1,"21":1,"36":1,"37":0,"38":0,"42":1,"43":1,"75":1,"76":0,"79":0,"80":0,"82":0,"83":0,"84":0,"88":0,"89":0,"91":0,"92":0,"96":0,"108":1,"110":0,"112":0,"113":0,"114":0,"117":0,"120":0,"121":0,"122":0,"123":0,"126":0,"127":0,"128":0,"129":0,"131":0,"134":0,"155":1,"157":0,"160":0,"161":0,"163":0,"165":0,"166":0,"169":0,"170":0,"171":0,"172":0,"173":0,"176":0,"177":0,"178":0,"183":0,"184":0,"187":1,"189":0,"193":0,"195":0,"196":0,"198":0,"201":0,"205":0,"206":0,"209":0,"212":0,"231":1,"233":0,"236":0,"237":0,"239":0,"241":0,"242":0,"245":0,"246":0,"247":0,"248":0,"251":0,"252":0,"253":0,"256":1,"258":0,"259":0,"261":0,"262":0,"263":0,"266":0,"270":0,"273":0,"274":0,"276":0,"279":0,"283":0,"284":0,"287":0,"290":0,"302":1,"303":0,"304":0,"306":0,"307":0,"308":0,"312":0,"313":0,"315":0,"317":0,"330":1,"331":0,"332":0,"350":1,"352":0,"353":0,"354":0,"358":0,"359":0,"360":0,"362":0,"368":0,"369":0,"370":0,"371":0,"374":0,"387":1,"389":0,"390":0,"391":0,"394":0,"397":0,"398":0,"399":0,"402":0,"406":0,"407":0,"408":0,"414":0,"417":0,"430":1,"432":0,"434":0,"435":0,"436":0,"439":0,"445":0,"446":0,"447":0,"448":0,"449":0,"452":0,"453":0,"454":0,"457":0,"461":0,"462":0,"463":0,"464":0,"470":0,"472":0,"485":1,"487":0,"488":0,"489":0,"492":0,"494":0,"495":0,"505":0,"506":0,"507":0,"508":0,"510":0,"513":0,"516":0,"532":1,"533":0,"534":0,"535":0,"536":0,"538":0,"539":0,"540":0,"541":0,"543":0,"548":0,"550":0,"569":1,"571":0,"572":0,"577":0,"581":0,"582":0,"585":0,"590":0,"591":0,"592":0,"594":0,"595":0,"597":0,"601":0,"602":0,"605":0,"612":0,"615":0,"635":1,"637":0,"638":0,"643":0,"645":0,"646":0,"649":0,"653":0,"654":0,"655":0,"657":0,"658":0,"659":0,"661":0,"663":0,"664":0,"666":0,"673":0,"676":0,"679":1}},"/home/travis/build/npmtest/node-npmtest-git-stats/node_modules/git-stats-colors/lib/index.js":{"path":"/home/travis/build/npmtest/node-npmtest-git-stats/node_modules/git-stats-colors/lib/index.js","s":{"1":1,"2":1,"3":1,"4":1,"5":0,"6":0,"7":0,"8":0,"9":0,"10":0,"11":0,"12":0,"13":0,"14":0,"15":0,"16":0,"17":0,"18":0,"19":0,"20":0,"21":0,"22":0,"23":0},"b":{"1":[0,0],"2":[0,0],"3":[0,0],"4":[0,0],"5":[0,0],"6":[0,0],"7":[0,0],"8":[0,0],"9":[0,0]},"f":{"1":0,"2":0},"fnMap":{"1":{"name":"GitStatsColors","line":33,"loc":{"start":{"line":33,"column":17},"end":{"line":33,"column":53}}},"2":{"name":"(anonymous_2)","line":63,"loc":{"start":{"line":63,"column":43},"end":{"line":63,"column":56}}}},"statementMap":{"1":{"start":{"line":3,"column":0},"end":{"line":3,"column":35}},"2":{"start":{"line":6,"column":0},"end":{"line":17,"column":2}},"3":{"start":{"line":19,"column":0},"end":{"line":19,"column":40}},"4":{"start":{"line":33,"column":0},"end":{"line":69,"column":2}},"5":{"start":{"line":35,"column":4},"end":{"line":39,"column":5}},"6":{"start":{"line":36,"column":8},"end":{"line":36,"column":30}},"7":{"start":{"line":37,"column":8},"end":{"line":37,"column":29}},"8":{"start":{"line":38,"column":8},"end":{"line":38,"column":67}},"9":{"start":{"line":41,"column":4},"end":{"line":41,"column":24}},"10":{"start":{"line":43,"column":4},"end":{"line":43,"column":70}},"11":{"start":{"line":46,"column":4},"end":{"line":46,"column":42}},"12":{"start":{"line":47,"column":4},"end":{"line":47,"column":41}},"13":{"start":{"line":48,"column":4},"end":{"line":48,"column":28}},"14":{"start":{"line":51,"column":4},"end":{"line":60,"column":5}},"15":{"start":{"line":52,"column":8},"end":{"line":53,"column":39}},"16":{"start":{"line":55,"column":8},"end":{"line":59,"column":9}},"17":{"start":{"line":56,"column":12},"end":{"line":56,"column":58}},"18":{"start":{"line":57,"column":15},"end":{"line":59,"column":9}},"19":{"start":{"line":58,"column":12},"end":{"line":58,"column":53}},"20":{"start":{"line":63,"column":4},"end":{"line":65,"column":7}},"21":{"start":{"line":64,"column":8},"end":{"line":64,"column":48}},"22":{"start":{"line":67,"column":4},"end":{"line":67,"column":29}},"23":{"start":{"line":68,"column":4},"end":{"line":68,"column":17}}},"branchMap":{"1":{"line":35,"type":"if","locations":[{"start":{"line":35,"column":4},"end":{"line":35,"column":4}},{"start":{"line":35,"column":4},"end":{"line":35,"column":4}}]},"2":{"line":36,"type":"binary-expr","locations":[{"start":{"line":36,"column":14},"end":{"line":36,"column":19}},{"start":{"line":36,"column":23},"end":{"line":36,"column":29}}]},"3":{"line":38,"type":"binary-expr","locations":[{"start":{"line":38,"column":15},"end":{"line":38,"column":17}},{"start":{"line":38,"column":22},"end":{"line":38,"column":65}}]},"4":{"line":38,"type":"cond-expr","locations":[{"start":{"line":38,"column":48},"end":{"line":38,"column":59}},{"start":{"line":38,"column":62},"end":{"line":38,"column":65}}]},"5":{"line":41,"type":"binary-expr","locations":[{"start":{"line":41,"column":10},"end":{"line":41,"column":13}},{"start":{"line":41,"column":17},"end":{"line":41,"column":23}}]},"6":{"line":43,"type":"cond-expr","locations":[{"start":{"line":43,"column":52},"end":{"line":43,"column":55}},{"start":{"line":43,"column":58},"end":{"line":43,"column":69}}]},"7":{"line":43,"type":"binary-expr","locations":[{"start":{"line":43,"column":16},"end":{"line":43,"column":19}},{"start":{"line":43,"column":23},"end":{"line":43,"column":49}}]},"8":{"line":55,"type":"if","locations":[{"start":{"line":55,"column":8},"end":{"line":55,"column":8}},{"start":{"line":55,"column":8},"end":{"line":55,"column":8}}]},"9":{"line":57,"type":"if","locations":[{"start":{"line":57,"column":15},"end":{"line":57,"column":15}},{"start":{"line":57,"column":15},"end":{"line":57,"column":15}}]}},"code":["\"use strict\";","","var Couleurs = require(\"couleurs\");","","// Constants","var THEMES = {","    DARK: {","        background: \"#111111\",","        foreground: \"#565656\",","        levels: [\"#343434\", \"#2e643d\", \"#589f43\", \"#98bc21\", \"#b9fc04\"]","    },","    LIGHT: {","        background: \"#ffffff\",","        foreground: \"#565656\",","        levels: [\"#C2C2C2\", \"#b9edcd\", \"#009139\", \"#15763b\", \"#096a2f\"]","    }","};","","var SQUARES = [\"⬚\", \"▢\", \"▤\", \"▣\", \"◼\"];","","/**"," * GitStatsColors"," * Adds colors to the git-stats inputs."," *"," * If called with one argument, the raw theme object will be returned."," *"," * @name GitStatsColors"," * @function"," * @param {String} input The input string."," * @param {String|Object} thm The theme object or name."," * @return {String} The colored result."," */","module.exports = function GitStatsColors(input, thm) {","","    if (arguments.length === 1) {","        thm = input || \"DARK\";","        var ex = THEMES[thm];","        return ex || (typeof thm === \"string\" ? THEMES.DARK : thm);","    }","","    thm = thm || \"DARK\";","","    var theme = thm && thm.constructor === Object ? thm : THEMES[thm];","","    // Padding right","    input = input.replace(/╝|╗/gm, \"═$&\");","    input = input.replace(/║$/gm, \" $&\");","    input = input.split(\"\");","","    // Add colors","    for (var i = 0; i < input.length; ++i) {","        var c = input[i],","            level = SQUARES.indexOf(c);","","        if (level !== -1) {","            input[i] = Couleurs(\"◼\", theme.levels[level]);","        } else if (/^(╔|═|╗|║|╝|═|╚|║|\\-|\\–|\\,|\\:|\\||[a-z]|[0-9])$/i.test(c)) {","            input[i] = Couleurs(c, theme.foreground);","        }","    }","","    // Add background","    input = input.join(\"\").split(\"\\n\").map(function (c) {","        return Couleurs.bg(c, theme.background);","    });","","    input = input.join(\"\\n\");","    return input;","};"],"l":{"3":1,"6":1,"19":1,"33":1,"35":0,"36":0,"37":0,"38":0,"41":0,"43":0,"46":0,"47":0,"48":0,"51":0,"52":0,"55":0,"56":0,"57":0,"58":0,"63":0,"64":0,"67":0,"68":0}},"/home/travis/build/npmtest/node-npmtest-git-stats/node_modules/git-stats/scripts/migration/2.0.0.js":{"path":"/home/travis/build/npmtest/node-npmtest-git-stats/node_modules/git-stats/scripts/migration/2.0.0.js","s":{"1":1,"2":1,"3":1,"4":1,"5":1,"6":1,"7":1,"8":1,"9":0,"10":0,"11":0,"12":0,"13":0,"14":0,"15":0,"16":0,"17":0,"18":0,"19":1},"b":{"1":[1,0],"2":[0,0],"3":[0,0]},"f":{"1":1,"2":0,"3":0,"4":0},"fnMap":{"1":{"name":"migrate","line":13,"loc":{"start":{"line":13,"column":0},"end":{"line":13,"column":19}}},"2":{"name":"(anonymous_2)","line":28,"loc":{"start":{"line":28,"column":30},"end":{"line":28,"column":45}}},"3":{"name":"(anonymous_3)","line":30,"loc":{"start":{"line":30,"column":35},"end":{"line":30,"column":48}}},"4":{"name":"(anonymous_4)","line":31,"loc":{"start":{"line":31,"column":42},"end":{"line":31,"column":55}}}},"statementMap":{"1":{"start":{"line":5,"column":0},"end":{"line":8,"column":35}},"2":{"start":{"line":11,"column":0},"end":{"line":11,"column":36}},"3":{"start":{"line":13,"column":0},"end":{"line":38,"column":1}},"4":{"start":{"line":14,"column":4},"end":{"line":14,"column":18}},"5":{"start":{"line":16,"column":4},"end":{"line":23,"column":5}},"6":{"start":{"line":17,"column":8},"end":{"line":17,"column":35}},"7":{"start":{"line":19,"column":8},"end":{"line":21,"column":9}},"8":{"start":{"line":20,"column":12},"end":{"line":20,"column":19}},"9":{"start":{"line":22,"column":8},"end":{"line":22,"column":22}},"10":{"start":{"line":25,"column":4},"end":{"line":25,"column":38}},"11":{"start":{"line":26,"column":4},"end":{"line":26,"column":45}},"12":{"start":{"line":27,"column":4},"end":{"line":27,"column":24}},"13":{"start":{"line":28,"column":4},"end":{"line":35,"column":7}},"14":{"start":{"line":29,"column":8},"end":{"line":29,"column":71}},"15":{"start":{"line":30,"column":8},"end":{"line":34,"column":11}},"16":{"start":{"line":31,"column":12},"end":{"line":33,"column":15}},"17":{"start":{"line":32,"column":16},"end":{"line":32,"column":28}},"18":{"start":{"line":37,"column":4},"end":{"line":37,"column":35}},"19":{"start":{"line":40,"column":0},"end":{"line":40,"column":10}}},"branchMap":{"1":{"line":19,"type":"if","locations":[{"start":{"line":19,"column":8},"end":{"line":19,"column":8}},{"start":{"line":19,"column":8},"end":{"line":19,"column":8}}]},"2":{"line":25,"type":"binary-expr","locations":[{"start":{"line":25,"column":19},"end":{"line":25,"column":31}},{"start":{"line":25,"column":35},"end":{"line":25,"column":37}}]},"3":{"line":29,"type":"binary-expr","locations":[{"start":{"line":29,"column":43},"end":{"line":29,"column":64}},{"start":{"line":29,"column":68},"end":{"line":29,"column":70}}]}},"code":["//#!/usr/bin/env node","\"use strict\";","","// Dependencies","var ReadJson = require(\"r-json\"),","    WriteJson = require(\"w-json\"),","    Abs = require(\"abs\"),","    Logger = require(\"bug-killer\");","","// Constants","var DATA_FILE = Abs(\"~/.git-stats\");","","function migrate() {","    var data = {};","","    try {","        data = ReadJson(DATA_FILE);","    } catch (e) {","        if (e.code === \"ENOENT\") {","            return;","        }","        Logger.log(e);","    }","","    data.commits = data.commits || {};","    var newStats = { commits: data.commits };","    delete data.commits;","    Object.keys(data).forEach(function (day) {","        var cDay = newStats.commits[day] = newStats.commits[day] || {};","        Object.keys(data[day]).map(function (c) {","            Object.keys(data[day][c]).map(function (h) {","                cDay[h] = 1;","            });","        });","    });","","    WriteJson(DATA_FILE, newStats);","}","","migrate();"],"l":{"5":1,"11":1,"13":1,"14":1,"16":1,"17":1,"19":1,"20":1,"22":0,"25":0,"26":0,"27":0,"28":0,"29":0,"30":0,"31":0,"32":0,"37":0,"40":1}}}